<?xml version="1.0" encoding="UTF-8"?>
<testng-results ignored="0" total="123" passed="123" failed="0" skipped="0">
  <reporter-output>
  </reporter-output>
  <suite started-at="2026-01-09T18:22:37 IST" name="Suite" finished-at="2026-01-09T18:30:43 IST" duration-ms="485859">
    <groups>
    </groups>
    <test started-at="2026-01-09T18:22:37 IST" name="Test" finished-at="2026-01-09T18:22:37 IST" duration-ms="31">
    </test> <!-- Test -->
    <test started-at="2026-01-09T18:22:37 IST" name="ChromeTest" finished-at="2026-01-09T18:27:38 IST" duration-ms="300820">
      <class name="tests.AddUserTest">
        <test-method is-config="true" signature="setup(java.lang.String)[pri:0, instance:tests.AddUserTest@75db5df9]" started-at="2026-01-09T18:24:36 IST" name="setup" finished-at="2026-01-09T18:24:39 IST" duration-ms="2383" status="PASS">
          <params>
            <param index="0">
              <value>
                <![CDATA[chrome]]>
              </value>
            </param>
          </params>
          <reporter-output>
          </reporter-output>
        </test-method> <!-- setup -->
        <test-method is-config="true" signature="login()[pri:0, instance:tests.AddUserTest@75db5df9]" started-at="2026-01-09T18:24:39 IST" name="login" finished-at="2026-01-09T18:24:42 IST" duration-ms="3603" status="PASS">
          <reporter-output>
          </reporter-output>
        </test-method> <!-- login -->
        <test-method signature="verifyAddUser(java.lang.String,java.lang.String,java.lang.String,java.lang.String,java.lang.String,java.lang.String,java.lang.String,java.lang.String,java.lang.String)[pri:4, instance:tests.AddUserTest@75db5df9]" started-at="2026-01-09T18:24:42 IST" name="verifyAddUser" data-provider="addUserData" finished-at="2026-01-09T18:24:45 IST" duration-ms="2993" status="PASS">
          <params>
            <param index="0">
              <value>
                <![CDATA[AU_01]]>
              </value>
            </param>
            <param index="1">
              <value>
                <![CDATA[pooja]]>
              </value>
            </param>
            <param index="2">
              <value>
                <![CDATA[9876543210]]>
              </value>
            </param>
            <param index="3">
              <value>
                <![CDATA[pooja1@gmail.com]]>
              </value>
            </param>
            <param index="4">
              <value>
                <![CDATA[Java/J2EE]]>
              </value>
            </param>
            <param index="5">
              <value>
                <![CDATA[female]]>
              </value>
            </param>
            <param index="6">
              <value>
                <![CDATA[Maharashtra]]>
              </value>
            </param>
            <param index="7">
              <value>
                <![CDATA[pooja@123]]>
              </value>
            </param>
            <param index="8">
              <value>
                <![CDATA[PASS]]>
              </value>
            </param>
          </params>
          <reporter-output>
          </reporter-output>
        </test-method> <!-- verifyAddUser -->
        <test-method is-config="true" signature="tearDown()[pri:0, instance:tests.AddUserTest@75db5df9]" started-at="2026-01-09T18:24:45 IST" name="tearDown" finished-at="2026-01-09T18:24:46 IST" duration-ms="295" status="PASS">
          <reporter-output>
          </reporter-output>
        </test-method> <!-- tearDown -->
        <test-method is-config="true" signature="setup(java.lang.String)[pri:0, instance:tests.AddUserTest@75db5df9]" started-at="2026-01-09T18:24:46 IST" name="setup" finished-at="2026-01-09T18:24:49 IST" duration-ms="3293" status="PASS">
          <params>
            <param index="0">
              <value>
                <![CDATA[chrome]]>
              </value>
            </param>
          </params>
          <reporter-output>
          </reporter-output>
        </test-method> <!-- setup -->
        <test-method is-config="true" signature="login()[pri:0, instance:tests.AddUserTest@75db5df9]" started-at="2026-01-09T18:24:49 IST" name="login" finished-at="2026-01-09T18:24:53 IST" duration-ms="3632" status="PASS">
          <reporter-output>
          </reporter-output>
        </test-method> <!-- login -->
        <test-method signature="verifyAddUser(java.lang.String,java.lang.String,java.lang.String,java.lang.String,java.lang.String,java.lang.String,java.lang.String,java.lang.String,java.lang.String)[pri:4, instance:tests.AddUserTest@75db5df9]" started-at="2026-01-09T18:24:53 IST" name="verifyAddUser" data-provider="addUserData" finished-at="2026-01-09T18:24:55 IST" duration-ms="2519" status="PASS">
          <params>
            <param index="0">
              <value>
                <![CDATA[AU_02]]>
              </value>
            </param>
            <param index="1">
              <value>
                <![CDATA[]]>
              </value>
            </param>
            <param index="2">
              <value>
                <![CDATA[9876543210]]>
              </value>
            </param>
            <param index="3">
              <value>
                <![CDATA[user@test.com]]>
              </value>
            </param>
            <param index="4">
              <value>
                <![CDATA[Java/J2EE]]>
              </value>
            </param>
            <param index="5">
              <value>
                <![CDATA[Male]]>
              </value>
            </param>
            <param index="6">
              <value>
                <![CDATA[Maharashtra]]>
              </value>
            </param>
            <param index="7">
              <value>
                <![CDATA[Test@123]]>
              </value>
            </param>
            <param index="8">
              <value>
                <![CDATA[FAIL]]>
              </value>
            </param>
          </params>
          <reporter-output>
          </reporter-output>
        </test-method> <!-- verifyAddUser -->
        <test-method is-config="true" signature="tearDown()[pri:0, instance:tests.AddUserTest@75db5df9]" started-at="2026-01-09T18:24:55 IST" name="tearDown" finished-at="2026-01-09T18:24:55 IST" duration-ms="306" status="PASS">
          <reporter-output>
          </reporter-output>
        </test-method> <!-- tearDown -->
        <test-method is-config="true" signature="setup(java.lang.String)[pri:0, instance:tests.AddUserTest@75db5df9]" started-at="2026-01-09T18:24:55 IST" name="setup" finished-at="2026-01-09T18:24:58 IST" duration-ms="2442" status="PASS">
          <params>
            <param index="0">
              <value>
                <![CDATA[chrome]]>
              </value>
            </param>
          </params>
          <reporter-output>
          </reporter-output>
        </test-method> <!-- setup -->
        <test-method is-config="true" signature="login()[pri:0, instance:tests.AddUserTest@75db5df9]" started-at="2026-01-09T18:24:58 IST" name="login" finished-at="2026-01-09T18:25:01 IST" duration-ms="3563" status="PASS">
          <reporter-output>
          </reporter-output>
        </test-method> <!-- login -->
        <test-method signature="verifyAddUser(java.lang.String,java.lang.String,java.lang.String,java.lang.String,java.lang.String,java.lang.String,java.lang.String,java.lang.String,java.lang.String)[pri:4, instance:tests.AddUserTest@75db5df9]" started-at="2026-01-09T18:25:01 IST" name="verifyAddUser" data-provider="addUserData" finished-at="2026-01-09T18:25:04 IST" duration-ms="2572" status="PASS">
          <params>
            <param index="0">
              <value>
                <![CDATA[AU_03]]>
              </value>
            </param>
            <param index="1">
              <value>
                <![CDATA[John]]>
              </value>
            </param>
            <param index="2">
              <value>
                <![CDATA[]]>
              </value>
            </param>
            <param index="3">
              <value>
                <![CDATA[john@gmail.com]]>
              </value>
            </param>
            <param index="4">
              <value>
                <![CDATA[sql]]>
              </value>
            </param>
            <param index="5">
              <value>
                <![CDATA[Male]]>
              </value>
            </param>
            <param index="6">
              <value>
                <![CDATA[HP]]>
              </value>
            </param>
            <param index="7">
              <value>
                <![CDATA[John@123]]>
              </value>
            </param>
            <param index="8">
              <value>
                <![CDATA[FAIL]]>
              </value>
            </param>
          </params>
          <reporter-output>
          </reporter-output>
        </test-method> <!-- verifyAddUser -->
        <test-method is-config="true" signature="tearDown()[pri:0, instance:tests.AddUserTest@75db5df9]" started-at="2026-01-09T18:25:04 IST" name="tearDown" finished-at="2026-01-09T18:25:04 IST" duration-ms="282" status="PASS">
          <reporter-output>
          </reporter-output>
        </test-method> <!-- tearDown -->
        <test-method is-config="true" signature="setup(java.lang.String)[pri:0, instance:tests.AddUserTest@75db5df9]" started-at="2026-01-09T18:25:04 IST" name="setup" finished-at="2026-01-09T18:25:07 IST" duration-ms="2332" status="PASS">
          <params>
            <param index="0">
              <value>
                <![CDATA[chrome]]>
              </value>
            </param>
          </params>
          <reporter-output>
          </reporter-output>
        </test-method> <!-- setup -->
        <test-method is-config="true" signature="login()[pri:0, instance:tests.AddUserTest@75db5df9]" started-at="2026-01-09T18:25:07 IST" name="login" finished-at="2026-01-09T18:25:10 IST" duration-ms="3639" status="PASS">
          <reporter-output>
          </reporter-output>
        </test-method> <!-- login -->
        <test-method signature="verifyAddUser(java.lang.String,java.lang.String,java.lang.String,java.lang.String,java.lang.String,java.lang.String,java.lang.String,java.lang.String,java.lang.String)[pri:4, instance:tests.AddUserTest@75db5df9]" started-at="2026-01-09T18:25:10 IST" name="verifyAddUser" data-provider="addUserData" finished-at="2026-01-09T18:25:13 IST" duration-ms="2596" status="PASS">
          <params>
            <param index="0">
              <value>
                <![CDATA[AU_04]]>
              </value>
            </param>
            <param index="1">
              <value>
                <![CDATA[disha12]]>
              </value>
            </param>
            <param index="2">
              <value>
                <![CDATA[9876543210]]>
              </value>
            </param>
            <param index="3">
              <value>
                <![CDATA[]]>
              </value>
            </param>
            <param index="4">
              <value>
                <![CDATA[python]]>
              </value>
            </param>
            <param index="5">
              <value>
                <![CDATA[female]]>
              </value>
            </param>
            <param index="6">
              <value>
                <![CDATA[Maharashtra]]>
              </value>
            </param>
            <param index="7">
              <value>
                <![CDATA[disha@123]]>
              </value>
            </param>
            <param index="8">
              <value>
                <![CDATA[FAIL]]>
              </value>
            </param>
          </params>
          <reporter-output>
          </reporter-output>
        </test-method> <!-- verifyAddUser -->
        <test-method is-config="true" signature="tearDown()[pri:0, instance:tests.AddUserTest@75db5df9]" started-at="2026-01-09T18:25:13 IST" name="tearDown" finished-at="2026-01-09T18:25:13 IST" duration-ms="314" status="PASS">
          <reporter-output>
          </reporter-output>
        </test-method> <!-- tearDown -->
        <test-method is-config="true" signature="setup(java.lang.String)[pri:0, instance:tests.AddUserTest@75db5df9]" started-at="2026-01-09T18:25:13 IST" name="setup" finished-at="2026-01-09T18:25:16 IST" duration-ms="2318" status="PASS">
          <params>
            <param index="0">
              <value>
                <![CDATA[chrome]]>
              </value>
            </param>
          </params>
          <reporter-output>
          </reporter-output>
        </test-method> <!-- setup -->
        <test-method is-config="true" signature="login()[pri:0, instance:tests.AddUserTest@75db5df9]" started-at="2026-01-09T18:25:16 IST" name="login" finished-at="2026-01-09T18:25:19 IST" duration-ms="3653" status="PASS">
          <reporter-output>
          </reporter-output>
        </test-method> <!-- login -->
        <test-method signature="verifyAddUser(java.lang.String,java.lang.String,java.lang.String,java.lang.String,java.lang.String,java.lang.String,java.lang.String,java.lang.String,java.lang.String)[pri:4, instance:tests.AddUserTest@75db5df9]" started-at="2026-01-09T18:25:19 IST" name="verifyAddUser" data-provider="addUserData" finished-at="2026-01-09T18:25:22 IST" duration-ms="2616" status="PASS">
          <params>
            <param index="0">
              <value>
                <![CDATA[AU_05]]>
              </value>
            </param>
            <param index="1">
              <value>
                <![CDATA[rohan]]>
              </value>
            </param>
            <param index="2">
              <value>
                <![CDATA[9876543210]]>
              </value>
            </param>
            <param index="3">
              <value>
                <![CDATA[rohan@gmail.com]]>
              </value>
            </param>
            <param index="4">
              <value>
                <![CDATA[]]>
              </value>
            </param>
            <param index="5">
              <value>
                <![CDATA[Male]]>
              </value>
            </param>
            <param index="6">
              <value>
                <![CDATA[Maharashtra]]>
              </value>
            </param>
            <param index="7">
              <value>
                <![CDATA[rohan@123]]>
              </value>
            </param>
            <param index="8">
              <value>
                <![CDATA[FAIL]]>
              </value>
            </param>
          </params>
          <reporter-output>
          </reporter-output>
        </test-method> <!-- verifyAddUser -->
        <test-method is-config="true" signature="tearDown()[pri:0, instance:tests.AddUserTest@75db5df9]" started-at="2026-01-09T18:25:22 IST" name="tearDown" finished-at="2026-01-09T18:25:22 IST" duration-ms="264" status="PASS">
          <reporter-output>
          </reporter-output>
        </test-method> <!-- tearDown -->
        <test-method is-config="true" signature="setup(java.lang.String)[pri:0, instance:tests.AddUserTest@75db5df9]" started-at="2026-01-09T18:25:22 IST" name="setup" finished-at="2026-01-09T18:25:24 IST" duration-ms="2224" status="PASS">
          <params>
            <param index="0">
              <value>
                <![CDATA[chrome]]>
              </value>
            </param>
          </params>
          <reporter-output>
          </reporter-output>
        </test-method> <!-- setup -->
        <test-method is-config="true" signature="login()[pri:0, instance:tests.AddUserTest@75db5df9]" started-at="2026-01-09T18:25:24 IST" name="login" finished-at="2026-01-09T18:25:29 IST" duration-ms="4223" status="PASS">
          <reporter-output>
          </reporter-output>
        </test-method> <!-- login -->
        <test-method signature="verifyAddUser(java.lang.String,java.lang.String,java.lang.String,java.lang.String,java.lang.String,java.lang.String,java.lang.String,java.lang.String,java.lang.String)[pri:4, instance:tests.AddUserTest@75db5df9]" started-at="2026-01-09T18:25:29 IST" name="verifyAddUser" data-provider="addUserData" finished-at="2026-01-09T18:25:31 IST" duration-ms="2502" status="PASS">
          <params>
            <param index="0">
              <value>
                <![CDATA[AU_06]]>
              </value>
            </param>
            <param index="1">
              <value>
                <![CDATA[om]]>
              </value>
            </param>
            <param index="2">
              <value>
                <![CDATA[12345]]>
              </value>
            </param>
            <param index="3">
              <value>
                <![CDATA[om@gmail.com]]>
              </value>
            </param>
            <param index="4">
              <value>
                <![CDATA[selenium]]>
              </value>
            </param>
            <param index="5">
              <value>
                <![CDATA[]]>
              </value>
            </param>
            <param index="6">
              <value>
                <![CDATA[Delhi]]>
              </value>
            </param>
            <param index="7">
              <value>
                <![CDATA[om123]]>
              </value>
            </param>
            <param index="8">
              <value>
                <![CDATA[FAIL]]>
              </value>
            </param>
          </params>
          <reporter-output>
          </reporter-output>
        </test-method> <!-- verifyAddUser -->
        <test-method is-config="true" signature="tearDown()[pri:0, instance:tests.AddUserTest@75db5df9]" started-at="2026-01-09T18:25:31 IST" name="tearDown" finished-at="2026-01-09T18:25:31 IST" duration-ms="291" status="PASS">
          <reporter-output>
          </reporter-output>
        </test-method> <!-- tearDown -->
        <test-method is-config="true" signature="setup(java.lang.String)[pri:0, instance:tests.AddUserTest@75db5df9]" started-at="2026-01-09T18:25:31 IST" name="setup" finished-at="2026-01-09T18:25:34 IST" duration-ms="2273" status="PASS">
          <params>
            <param index="0">
              <value>
                <![CDATA[chrome]]>
              </value>
            </param>
          </params>
          <reporter-output>
          </reporter-output>
        </test-method> <!-- setup -->
        <test-method is-config="true" signature="login()[pri:0, instance:tests.AddUserTest@75db5df9]" started-at="2026-01-09T18:25:34 IST" name="login" finished-at="2026-01-09T18:25:37 IST" duration-ms="3638" status="PASS">
          <reporter-output>
          </reporter-output>
        </test-method> <!-- login -->
        <test-method signature="verifyAddUser(java.lang.String,java.lang.String,java.lang.String,java.lang.String,java.lang.String,java.lang.String,java.lang.String,java.lang.String,java.lang.String)[pri:4, instance:tests.AddUserTest@75db5df9]" started-at="2026-01-09T18:25:37 IST" name="verifyAddUser" data-provider="addUserData" finished-at="2026-01-09T18:25:40 IST" duration-ms="2508" status="PASS">
          <params>
            <param index="0">
              <value>
                <![CDATA[AU_07]]>
              </value>
            </param>
            <param index="1">
              <value>
                <![CDATA[Johy]]>
              </value>
            </param>
            <param index="2">
              <value>
                <![CDATA[9876543210]]>
              </value>
            </param>
            <param index="3">
              <value>
                <![CDATA[user@test.com]]>
              </value>
            </param>
            <param index="4">
              <value>
                <![CDATA[c]]>
              </value>
            </param>
            <param index="5">
              <value>
                <![CDATA[Male]]>
              </value>
            </param>
            <param index="6">
              <value>
                <![CDATA[]]>
              </value>
            </param>
            <param index="7">
              <value>
                <![CDATA[Test@123]]>
              </value>
            </param>
            <param index="8">
              <value>
                <![CDATA[FAIL]]>
              </value>
            </param>
          </params>
          <reporter-output>
          </reporter-output>
        </test-method> <!-- verifyAddUser -->
        <test-method is-config="true" signature="tearDown()[pri:0, instance:tests.AddUserTest@75db5df9]" started-at="2026-01-09T18:25:40 IST" name="tearDown" finished-at="2026-01-09T18:25:40 IST" duration-ms="413" status="PASS">
          <reporter-output>
          </reporter-output>
        </test-method> <!-- tearDown -->
      </class> <!-- tests.AddUserTest -->
      <class name="tests.LoginTest">
        <test-method is-config="true" signature="setup(java.lang.String)[pri:0, instance:tests.LoginTest@74e52ef6]" started-at="2026-01-09T18:22:38 IST" name="setup" finished-at="2026-01-09T18:22:43 IST" duration-ms="4754" status="PASS">
          <params>
            <param index="0">
              <value>
                <![CDATA[chrome]]>
              </value>
            </param>
          </params>
          <reporter-output>
          </reporter-output>
        </test-method> <!-- setup -->
        <test-method signature="verifyLogin(java.lang.String,java.lang.String,java.lang.String,java.lang.String)[pri:1, instance:tests.LoginTest@74e52ef6]" started-at="2026-01-09T18:22:43 IST" name="verifyLogin" data-provider="loginData" finished-at="2026-01-09T18:22:47 IST" duration-ms="3522" status="PASS">
          <params>
            <param index="0">
              <value>
                <![CDATA[LOG_01]]>
              </value>
            </param>
            <param index="1">
              <value>
                <![CDATA[kiran@gmail.com]]>
              </value>
            </param>
            <param index="2">
              <value>
                <![CDATA[123456]]>
              </value>
            </param>
            <param index="3">
              <value>
                <![CDATA[1]]>
              </value>
            </param>
          </params>
          <reporter-output>
          </reporter-output>
        </test-method> <!-- verifyLogin -->
        <test-method is-config="true" signature="tearDown()[pri:0, instance:tests.LoginTest@74e52ef6]" started-at="2026-01-09T18:22:47 IST" name="tearDown" finished-at="2026-01-09T18:22:47 IST" duration-ms="474" status="PASS">
          <reporter-output>
          </reporter-output>
        </test-method> <!-- tearDown -->
        <test-method is-config="true" signature="setup(java.lang.String)[pri:0, instance:tests.LoginTest@74e52ef6]" started-at="2026-01-09T18:22:47 IST" name="setup" finished-at="2026-01-09T18:22:50 IST" duration-ms="2618" status="PASS">
          <params>
            <param index="0">
              <value>
                <![CDATA[chrome]]>
              </value>
            </param>
          </params>
          <reporter-output>
          </reporter-output>
        </test-method> <!-- setup -->
        <test-method signature="verifyLogin(java.lang.String,java.lang.String,java.lang.String,java.lang.String)[pri:1, instance:tests.LoginTest@74e52ef6]" started-at="2026-01-09T18:22:50 IST" name="verifyLogin" data-provider="loginData" finished-at="2026-01-09T18:22:53 IST" duration-ms="3613" status="PASS">
          <params>
            <param index="0">
              <value>
                <![CDATA[LOG_02]]>
              </value>
            </param>
            <param index="1">
              <value>
                <![CDATA[Abc@gmail.com]]>
              </value>
            </param>
            <param index="2">
              <value>
                <![CDATA[676969]]>
              </value>
            </param>
            <param index="3">
              <value>
                <![CDATA[0]]>
              </value>
            </param>
          </params>
          <reporter-output>
          </reporter-output>
        </test-method> <!-- verifyLogin -->
        <test-method is-config="true" signature="tearDown()[pri:0, instance:tests.LoginTest@74e52ef6]" started-at="2026-01-09T18:22:53 IST" name="tearDown" finished-at="2026-01-09T18:22:54 IST" duration-ms="332" status="PASS">
          <reporter-output>
          </reporter-output>
        </test-method> <!-- tearDown -->
        <test-method is-config="true" signature="setup(java.lang.String)[pri:0, instance:tests.LoginTest@74e52ef6]" started-at="2026-01-09T18:22:54 IST" name="setup" finished-at="2026-01-09T18:22:57 IST" duration-ms="3059" status="PASS">
          <params>
            <param index="0">
              <value>
                <![CDATA[chrome]]>
              </value>
            </param>
          </params>
          <reporter-output>
          </reporter-output>
        </test-method> <!-- setup -->
        <test-method signature="verifyLogin(java.lang.String,java.lang.String,java.lang.String,java.lang.String)[pri:1, instance:tests.LoginTest@74e52ef6]" started-at="2026-01-09T18:22:57 IST" name="verifyLogin" data-provider="loginData" finished-at="2026-01-09T18:23:00 IST" duration-ms="3548" status="PASS">
          <params>
            <param index="0">
              <value>
                <![CDATA[LOG_03]]>
              </value>
            </param>
            <param index="1">
              <value>
                <![CDATA[bgh@gmail.com]]>
              </value>
            </param>
            <param index="2">
              <value>
                <![CDATA[123456]]>
              </value>
            </param>
            <param index="3">
              <value>
                <![CDATA[0]]>
              </value>
            </param>
          </params>
          <reporter-output>
          </reporter-output>
        </test-method> <!-- verifyLogin -->
        <test-method is-config="true" signature="tearDown()[pri:0, instance:tests.LoginTest@74e52ef6]" started-at="2026-01-09T18:23:00 IST" name="tearDown" finished-at="2026-01-09T18:23:01 IST" duration-ms="281" status="PASS">
          <reporter-output>
          </reporter-output>
        </test-method> <!-- tearDown -->
        <test-method is-config="true" signature="setup(java.lang.String)[pri:0, instance:tests.LoginTest@74e52ef6]" started-at="2026-01-09T18:23:01 IST" name="setup" finished-at="2026-01-09T18:23:03 IST" duration-ms="2336" status="PASS">
          <params>
            <param index="0">
              <value>
                <![CDATA[chrome]]>
              </value>
            </param>
          </params>
          <reporter-output>
          </reporter-output>
        </test-method> <!-- setup -->
        <test-method signature="verifyLogin(java.lang.String,java.lang.String,java.lang.String,java.lang.String)[pri:1, instance:tests.LoginTest@74e52ef6]" started-at="2026-01-09T18:23:03 IST" name="verifyLogin" data-provider="loginData" finished-at="2026-01-09T18:23:06 IST" duration-ms="3377" status="PASS">
          <params>
            <param index="0">
              <value>
                <![CDATA[LOG_04]]>
              </value>
            </param>
            <param index="1">
              <value>
                <![CDATA[kiran@gmail.com]]>
              </value>
            </param>
            <param index="2">
              <value>
                <![CDATA[PPSa123]]>
              </value>
            </param>
            <param index="3">
              <value>
                <![CDATA[0]]>
              </value>
            </param>
          </params>
          <reporter-output>
          </reporter-output>
        </test-method> <!-- verifyLogin -->
        <test-method is-config="true" signature="tearDown()[pri:0, instance:tests.LoginTest@74e52ef6]" started-at="2026-01-09T18:23:06 IST" name="tearDown" finished-at="2026-01-09T18:23:07 IST" duration-ms="520" status="PASS">
          <reporter-output>
          </reporter-output>
        </test-method> <!-- tearDown -->
        <test-method is-config="true" signature="setup(java.lang.String)[pri:0, instance:tests.LoginTest@74e52ef6]" started-at="2026-01-09T18:23:07 IST" name="setup" finished-at="2026-01-09T18:23:10 IST" duration-ms="2827" status="PASS">
          <params>
            <param index="0">
              <value>
                <![CDATA[chrome]]>
              </value>
            </param>
          </params>
          <reporter-output>
          </reporter-output>
        </test-method> <!-- setup -->
        <test-method signature="verifyLogin(java.lang.String,java.lang.String,java.lang.String,java.lang.String)[pri:1, instance:tests.LoginTest@74e52ef6]" started-at="2026-01-09T18:23:10 IST" name="verifyLogin" data-provider="loginData" finished-at="2026-01-09T18:23:13 IST" duration-ms="3356" status="PASS">
          <params>
            <param index="0">
              <value>
                <![CDATA[LOG_05]]>
              </value>
            </param>
            <param index="1">
              <value>
                <![CDATA[]]>
              </value>
            </param>
            <param index="2">
              <value>
                <![CDATA[123456]]>
              </value>
            </param>
            <param index="3">
              <value>
                <![CDATA[0]]>
              </value>
            </param>
          </params>
          <reporter-output>
          </reporter-output>
        </test-method> <!-- verifyLogin -->
        <test-method is-config="true" signature="tearDown()[pri:0, instance:tests.LoginTest@74e52ef6]" started-at="2026-01-09T18:23:13 IST" name="tearDown" finished-at="2026-01-09T18:23:13 IST" duration-ms="275" status="PASS">
          <reporter-output>
          </reporter-output>
        </test-method> <!-- tearDown -->
        <test-method is-config="true" signature="setup(java.lang.String)[pri:0, instance:tests.LoginTest@74e52ef6]" started-at="2026-01-09T18:23:13 IST" name="setup" finished-at="2026-01-09T18:23:16 IST" duration-ms="2422" status="PASS">
          <params>
            <param index="0">
              <value>
                <![CDATA[chrome]]>
              </value>
            </param>
          </params>
          <reporter-output>
          </reporter-output>
        </test-method> <!-- setup -->
        <test-method signature="verifyLogin(java.lang.String,java.lang.String,java.lang.String,java.lang.String)[pri:1, instance:tests.LoginTest@74e52ef6]" started-at="2026-01-09T18:23:16 IST" name="verifyLogin" data-provider="loginData" finished-at="2026-01-09T18:23:19 IST" duration-ms="3404" status="PASS">
          <params>
            <param index="0">
              <value>
                <![CDATA[LOG_06]]>
              </value>
            </param>
            <param index="1">
              <value>
                <![CDATA[kiran@gmail.com]]>
              </value>
            </param>
            <param index="2">
              <value>
                <![CDATA[]]>
              </value>
            </param>
            <param index="3">
              <value>
                <![CDATA[0]]>
              </value>
            </param>
          </params>
          <reporter-output>
          </reporter-output>
        </test-method> <!-- verifyLogin -->
        <test-method is-config="true" signature="tearDown()[pri:0, instance:tests.LoginTest@74e52ef6]" started-at="2026-01-09T18:23:19 IST" name="tearDown" finished-at="2026-01-09T18:23:19 IST" duration-ms="297" status="PASS">
          <reporter-output>
          </reporter-output>
        </test-method> <!-- tearDown -->
      </class> <!-- tests.LoginTest -->
      <class name="tests.UselinkTest">
        <test-method is-config="true" signature="setup(java.lang.String)[pri:0, instance:tests.UselinkTest@1190200a]" started-at="2026-01-09T18:26:14 IST" name="setup" finished-at="2026-01-09T18:26:16 IST" duration-ms="2051" status="PASS">
          <params>
            <param index="0">
              <value>
                <![CDATA[chrome]]>
              </value>
            </param>
          </params>
          <reporter-output>
          </reporter-output>
        </test-method> <!-- setup -->
        <test-method is-config="true" signature="login()[pri:0, instance:tests.UselinkTest@1190200a]" started-at="2026-01-09T18:26:16 IST" name="login" finished-at="2026-01-09T18:26:20 IST" duration-ms="3862" status="PASS">
          <reporter-output>
          </reporter-output>
        </test-method> <!-- login -->
        <test-method signature="verifyUsefulLinksPage(java.lang.String,java.lang.String,java.lang.String,java.lang.String)[pri:6, instance:tests.UselinkTest@1190200a]" started-at="2026-01-09T18:26:20 IST" name="verifyUsefulLinksPage" data-provider="usefulLinksData" finished-at="2026-01-09T18:26:21 IST" duration-ms="883" status="PASS">
          <params>
            <param index="0">
              <value>
                <![CDATA[UL_01]]>
              </value>
            </param>
            <param index="1">
              <value>
                <![CDATA[ Useful Links ]]>
              </value>
            </param>
            <param index="2">
              <value>
                <![CDATA[               Schedule                        ]]>
              </value>
            </param>
            <param index="3">
              <value>
                <![CDATA[PASS]]>
              </value>
            </param>
          </params>
          <reporter-output>
          </reporter-output>
        </test-method> <!-- verifyUsefulLinksPage -->
        <test-method is-config="true" signature="tearDown()[pri:0, instance:tests.UselinkTest@1190200a]" started-at="2026-01-09T18:26:21 IST" name="tearDown" finished-at="2026-01-09T18:26:21 IST" duration-ms="348" status="PASS">
          <reporter-output>
          </reporter-output>
        </test-method> <!-- tearDown -->
        <test-method is-config="true" signature="setup(java.lang.String)[pri:0, instance:tests.UselinkTest@1190200a]" started-at="2026-01-09T18:26:21 IST" name="setup" finished-at="2026-01-09T18:26:22 IST" duration-ms="1031" status="PASS">
          <params>
            <param index="0">
              <value>
                <![CDATA[chrome]]>
              </value>
            </param>
          </params>
          <reporter-output>
          </reporter-output>
        </test-method> <!-- setup -->
        <test-method is-config="true" signature="login()[pri:0, instance:tests.UselinkTest@1190200a]" started-at="2026-01-09T18:26:22 IST" name="login" finished-at="2026-01-09T18:26:28 IST" duration-ms="5901" status="PASS">
          <reporter-output>
          </reporter-output>
        </test-method> <!-- login -->
        <test-method signature="verifyUsefulLinksPage(java.lang.String,java.lang.String,java.lang.String,java.lang.String)[pri:6, instance:tests.UselinkTest@1190200a]" started-at="2026-01-09T18:26:28 IST" name="verifyUsefulLinksPage" data-provider="usefulLinksData" finished-at="2026-01-09T18:26:28 IST" duration-ms="495" status="PASS">
          <params>
            <param index="0">
              <value>
                <![CDATA[UL_02]]>
              </value>
            </param>
            <param index="1">
              <value>
                <![CDATA[ Useful Links ]]>
              </value>
            </param>
            <param index="2">
              <value>
                <![CDATA[      Video Lactures All Topics]]>
              </value>
            </param>
            <param index="3">
              <value>
                <![CDATA[PASS]]>
              </value>
            </param>
          </params>
          <reporter-output>
          </reporter-output>
        </test-method> <!-- verifyUsefulLinksPage -->
        <test-method is-config="true" signature="tearDown()[pri:0, instance:tests.UselinkTest@1190200a]" started-at="2026-01-09T18:26:28 IST" name="tearDown" finished-at="2026-01-09T18:26:29 IST" duration-ms="333" status="PASS">
          <reporter-output>
          </reporter-output>
        </test-method> <!-- tearDown -->
        <test-method is-config="true" signature="setup(java.lang.String)[pri:0, instance:tests.UselinkTest@1190200a]" started-at="2026-01-09T18:26:29 IST" name="setup" finished-at="2026-01-09T18:26:31 IST" duration-ms="2057" status="PASS">
          <params>
            <param index="0">
              <value>
                <![CDATA[chrome]]>
              </value>
            </param>
          </params>
          <reporter-output>
          </reporter-output>
        </test-method> <!-- setup -->
        <test-method is-config="true" signature="login()[pri:0, instance:tests.UselinkTest@1190200a]" started-at="2026-01-09T18:26:31 IST" name="login" finished-at="2026-01-09T18:26:35 IST" duration-ms="3771" status="PASS">
          <reporter-output>
          </reporter-output>
        </test-method> <!-- login -->
        <test-method signature="verifyUsefulLinksPage(java.lang.String,java.lang.String,java.lang.String,java.lang.String)[pri:6, instance:tests.UselinkTest@1190200a]" started-at="2026-01-09T18:26:35 IST" name="verifyUsefulLinksPage" data-provider="usefulLinksData" finished-at="2026-01-09T18:26:39 IST" duration-ms="4778" status="PASS">
          <params>
            <param index="0">
              <value>
                <![CDATA[UL_03]]>
              </value>
            </param>
            <param index="1">
              <value>
                <![CDATA[ Useful Links ]]>
              </value>
            </param>
            <param index="2">
              <value>
                <![CDATA[          Selenium Interview   Questions     ]]>
              </value>
            </param>
            <param index="3">
              <value>
                <![CDATA[PASS]]>
              </value>
            </param>
          </params>
          <reporter-output>
          </reporter-output>
        </test-method> <!-- verifyUsefulLinksPage -->
        <test-method is-config="true" signature="tearDown()[pri:0, instance:tests.UselinkTest@1190200a]" started-at="2026-01-09T18:26:39 IST" name="tearDown" finished-at="2026-01-09T18:26:40 IST" duration-ms="305" status="PASS">
          <reporter-output>
          </reporter-output>
        </test-method> <!-- tearDown -->
        <test-method is-config="true" signature="setup(java.lang.String)[pri:0, instance:tests.UselinkTest@1190200a]" started-at="2026-01-09T18:26:40 IST" name="setup" finished-at="2026-01-09T18:26:42 IST" duration-ms="2440" status="PASS">
          <params>
            <param index="0">
              <value>
                <![CDATA[chrome]]>
              </value>
            </param>
          </params>
          <reporter-output>
          </reporter-output>
        </test-method> <!-- setup -->
        <test-method is-config="true" signature="login()[pri:0, instance:tests.UselinkTest@1190200a]" started-at="2026-01-09T18:26:42 IST" name="login" finished-at="2026-01-09T18:26:46 IST" duration-ms="3520" status="PASS">
          <reporter-output>
          </reporter-output>
        </test-method> <!-- login -->
        <test-method signature="verifyUsefulLinksPage(java.lang.String,java.lang.String,java.lang.String,java.lang.String)[pri:6, instance:tests.UselinkTest@1190200a]" started-at="2026-01-09T18:26:46 IST" name="verifyUsefulLinksPage" data-provider="usefulLinksData" finished-at="2026-01-09T18:26:47 IST" duration-ms="894" status="PASS">
          <params>
            <param index="0">
              <value>
                <![CDATA[UL_04]]>
              </value>
            </param>
            <param index="1">
              <value>
                <![CDATA[ Useful Links ]]>
              </value>
            </param>
            <param index="2">
              <value>
                <![CDATA[       Java Interview Questions                   ]]>
              </value>
            </param>
            <param index="3">
              <value>
                <![CDATA[PASS]]>
              </value>
            </param>
          </params>
          <reporter-output>
          </reporter-output>
        </test-method> <!-- verifyUsefulLinksPage -->
        <test-method is-config="true" signature="tearDown()[pri:0, instance:tests.UselinkTest@1190200a]" started-at="2026-01-09T18:26:47 IST" name="tearDown" finished-at="2026-01-09T18:26:47 IST" duration-ms="320" status="PASS">
          <reporter-output>
          </reporter-output>
        </test-method> <!-- tearDown -->
        <test-method is-config="true" signature="setup(java.lang.String)[pri:0, instance:tests.UselinkTest@1190200a]" started-at="2026-01-09T18:26:47 IST" name="setup" finished-at="2026-01-09T18:26:50 IST" duration-ms="3276" status="PASS">
          <params>
            <param index="0">
              <value>
                <![CDATA[chrome]]>
              </value>
            </param>
          </params>
          <reporter-output>
          </reporter-output>
        </test-method> <!-- setup -->
        <test-method is-config="true" signature="login()[pri:0, instance:tests.UselinkTest@1190200a]" started-at="2026-01-09T18:26:50 IST" name="login" finished-at="2026-01-09T18:26:54 IST" duration-ms="3532" status="PASS">
          <reporter-output>
          </reporter-output>
        </test-method> <!-- login -->
        <test-method signature="verifyUsefulLinksPage(java.lang.String,java.lang.String,java.lang.String,java.lang.String)[pri:6, instance:tests.UselinkTest@1190200a]" started-at="2026-01-09T18:26:54 IST" name="verifyUsefulLinksPage" data-provider="usefulLinksData" finished-at="2026-01-09T18:26:55 IST" duration-ms="874" status="PASS">
          <params>
            <param index="0">
              <value>
                <![CDATA[UL_05]]>
              </value>
            </param>
            <param index="1">
              <value>
                <![CDATA[ Useful Links ]]>
              </value>
            </param>
            <param index="2">
              <value>
                <![CDATA[       Courses                       ]]>
              </value>
            </param>
            <param index="3">
              <value>
                <![CDATA[PASS]]>
              </value>
            </param>
          </params>
          <reporter-output>
          </reporter-output>
        </test-method> <!-- verifyUsefulLinksPage -->
        <test-method is-config="true" signature="tearDown()[pri:0, instance:tests.UselinkTest@1190200a]" started-at="2026-01-09T18:26:55 IST" name="tearDown" finished-at="2026-01-09T18:26:55 IST" duration-ms="289" status="PASS">
          <reporter-output>
          </reporter-output>
        </test-method> <!-- tearDown -->
        <test-method is-config="true" signature="setup(java.lang.String)[pri:0, instance:tests.UselinkTest@1190200a]" started-at="2026-01-09T18:26:55 IST" name="setup" finished-at="2026-01-09T18:26:57 IST" duration-ms="2540" status="PASS">
          <params>
            <param index="0">
              <value>
                <![CDATA[chrome]]>
              </value>
            </param>
          </params>
          <reporter-output>
          </reporter-output>
        </test-method> <!-- setup -->
        <test-method is-config="true" signature="login()[pri:0, instance:tests.UselinkTest@1190200a]" started-at="2026-01-09T18:26:57 IST" name="login" finished-at="2026-01-09T18:27:01 IST" duration-ms="3598" status="PASS">
          <reporter-output>
          </reporter-output>
        </test-method> <!-- login -->
        <test-method signature="verifyUsefulLinksPage(java.lang.String,java.lang.String,java.lang.String,java.lang.String)[pri:6, instance:tests.UselinkTest@1190200a]" started-at="2026-01-09T18:27:01 IST" name="verifyUsefulLinksPage" data-provider="usefulLinksData" finished-at="2026-01-09T18:27:02 IST" duration-ms="943" status="PASS">
          <params>
            <param index="0">
              <value>
                <![CDATA[UL_06]]>
              </value>
            </param>
            <param index="1">
              <value>
                <![CDATA[ Useful Links ]]>
              </value>
            </param>
            <param index="2">
              <value>
                <![CDATA[     Placement                                        ]]>
              </value>
            </param>
            <param index="3">
              <value>
                <![CDATA[PASS]]>
              </value>
            </param>
          </params>
          <reporter-output>
          </reporter-output>
        </test-method> <!-- verifyUsefulLinksPage -->
        <test-method is-config="true" signature="tearDown()[pri:0, instance:tests.UselinkTest@1190200a]" started-at="2026-01-09T18:27:02 IST" name="tearDown" finished-at="2026-01-09T18:27:02 IST" duration-ms="307" status="PASS">
          <reporter-output>
          </reporter-output>
        </test-method> <!-- tearDown -->
      </class> <!-- tests.UselinkTest -->
      <class name="tests.DownloadsTest">
        <test-method is-config="true" signature="setup(java.lang.String)[pri:0, instance:tests.DownloadsTest@6a2f6f80]" started-at="2026-01-09T18:27:02 IST" name="setup" finished-at="2026-01-09T18:27:05 IST" duration-ms="2643" status="PASS">
          <params>
            <param index="0">
              <value>
                <![CDATA[chrome]]>
              </value>
            </param>
          </params>
          <reporter-output>
          </reporter-output>
        </test-method> <!-- setup -->
        <test-method is-config="true" signature="login()[pri:0, instance:tests.DownloadsTest@6a2f6f80]" started-at="2026-01-09T18:27:05 IST" name="login" finished-at="2026-01-09T18:27:09 IST" duration-ms="3552" status="PASS">
          <reporter-output>
          </reporter-output>
        </test-method> <!-- login -->
        <test-method signature="verifyDownloadsPage(java.lang.String,java.lang.String,java.lang.String)[pri:7, instance:tests.DownloadsTest@6a2f6f80]" started-at="2026-01-09T18:27:09 IST" name="verifyDownloadsPage" data-provider="downloadsData" finished-at="2026-01-09T18:27:09 IST" duration-ms="460" status="PASS">
          <params>
            <param index="0">
              <value>
                <![CDATA[DL_01]]>
              </value>
            </param>
            <param index="1">
              <value>
                <![CDATA[ Java Development Kit (JDK)]]>
              </value>
            </param>
            <param index="2">
              <value>
                <![CDATA[PASS]]>
              </value>
            </param>
          </params>
          <reporter-output>
          </reporter-output>
        </test-method> <!-- verifyDownloadsPage -->
        <test-method is-config="true" signature="tearDown()[pri:0, instance:tests.DownloadsTest@6a2f6f80]" started-at="2026-01-09T18:27:09 IST" name="tearDown" finished-at="2026-01-09T18:27:09 IST" duration-ms="476" status="PASS">
          <reporter-output>
          </reporter-output>
        </test-method> <!-- tearDown -->
        <test-method is-config="true" signature="setup(java.lang.String)[pri:0, instance:tests.DownloadsTest@6a2f6f80]" started-at="2026-01-09T18:27:09 IST" name="setup" finished-at="2026-01-09T18:27:12 IST" duration-ms="2654" status="PASS">
          <params>
            <param index="0">
              <value>
                <![CDATA[chrome]]>
              </value>
            </param>
          </params>
          <reporter-output>
          </reporter-output>
        </test-method> <!-- setup -->
        <test-method is-config="true" signature="login()[pri:0, instance:tests.DownloadsTest@6a2f6f80]" started-at="2026-01-09T18:27:12 IST" name="login" finished-at="2026-01-09T18:27:16 IST" duration-ms="3637" status="PASS">
          <reporter-output>
          </reporter-output>
        </test-method> <!-- login -->
        <test-method signature="verifyDownloadsPage(java.lang.String,java.lang.String,java.lang.String)[pri:7, instance:tests.DownloadsTest@6a2f6f80]" started-at="2026-01-09T18:27:16 IST" name="verifyDownloadsPage" data-provider="downloadsData" finished-at="2026-01-09T18:27:16 IST" duration-ms="454" status="PASS">
          <params>
            <param index="0">
              <value>
                <![CDATA[DL_02]]>
              </value>
            </param>
            <param index="1">
              <value>
                <![CDATA[ Selenium Server source Jar]]>
              </value>
            </param>
            <param index="2">
              <value>
                <![CDATA[PASS]]>
              </value>
            </param>
          </params>
          <reporter-output>
          </reporter-output>
        </test-method> <!-- verifyDownloadsPage -->
        <test-method is-config="true" signature="tearDown()[pri:0, instance:tests.DownloadsTest@6a2f6f80]" started-at="2026-01-09T18:27:16 IST" name="tearDown" finished-at="2026-01-09T18:27:17 IST" duration-ms="303" status="PASS">
          <reporter-output>
          </reporter-output>
        </test-method> <!-- tearDown -->
        <test-method is-config="true" signature="setup(java.lang.String)[pri:0, instance:tests.DownloadsTest@6a2f6f80]" started-at="2026-01-09T18:27:17 IST" name="setup" finished-at="2026-01-09T18:27:19 IST" duration-ms="2515" status="PASS">
          <params>
            <param index="0">
              <value>
                <![CDATA[chrome]]>
              </value>
            </param>
          </params>
          <reporter-output>
          </reporter-output>
        </test-method> <!-- setup -->
        <test-method is-config="true" signature="login()[pri:0, instance:tests.DownloadsTest@6a2f6f80]" started-at="2026-01-09T18:27:19 IST" name="login" finished-at="2026-01-09T18:27:23 IST" duration-ms="3641" status="PASS">
          <reporter-output>
          </reporter-output>
        </test-method> <!-- login -->
        <test-method signature="verifyDownloadsPage(java.lang.String,java.lang.String,java.lang.String)[pri:7, instance:tests.DownloadsTest@6a2f6f80]" started-at="2026-01-09T18:27:23 IST" name="verifyDownloadsPage" data-provider="downloadsData" finished-at="2026-01-09T18:27:23 IST" duration-ms="494" status="PASS">
          <params>
            <param index="0">
              <value>
                <![CDATA[DL_03]]>
              </value>
            </param>
            <param index="1">
              <value>
                <![CDATA[Google Chrome  ]]>
              </value>
            </param>
            <param index="2">
              <value>
                <![CDATA[PASS]]>
              </value>
            </param>
          </params>
          <reporter-output>
          </reporter-output>
        </test-method> <!-- verifyDownloadsPage -->
        <test-method is-config="true" signature="tearDown()[pri:0, instance:tests.DownloadsTest@6a2f6f80]" started-at="2026-01-09T18:27:23 IST" name="tearDown" finished-at="2026-01-09T18:27:23 IST" duration-ms="282" status="PASS">
          <reporter-output>
          </reporter-output>
        </test-method> <!-- tearDown -->
        <test-method is-config="true" signature="setup(java.lang.String)[pri:0, instance:tests.DownloadsTest@6a2f6f80]" started-at="2026-01-09T18:27:23 IST" name="setup" finished-at="2026-01-09T18:27:24 IST" duration-ms="1010" status="PASS">
          <params>
            <param index="0">
              <value>
                <![CDATA[chrome]]>
              </value>
            </param>
          </params>
          <reporter-output>
          </reporter-output>
        </test-method> <!-- setup -->
        <test-method is-config="true" signature="login()[pri:0, instance:tests.DownloadsTest@6a2f6f80]" started-at="2026-01-09T18:27:24 IST" name="login" finished-at="2026-01-09T18:27:29 IST" duration-ms="5014" status="PASS">
          <reporter-output>
          </reporter-output>
        </test-method> <!-- login -->
        <test-method signature="verifyDownloadsPage(java.lang.String,java.lang.String,java.lang.String)[pri:7, instance:tests.DownloadsTest@6a2f6f80]" started-at="2026-01-09T18:27:29 IST" name="verifyDownloadsPage" data-provider="downloadsData" finished-at="2026-01-09T18:27:30 IST" duration-ms="721" status="PASS">
          <params>
            <param index="0">
              <value>
                <![CDATA[DL_04]]>
              </value>
            </param>
            <param index="1">
              <value>
                <![CDATA[ Mozilla Firefox           ]]>
              </value>
            </param>
            <param index="2">
              <value>
                <![CDATA[PASS]]>
              </value>
            </param>
          </params>
          <reporter-output>
          </reporter-output>
        </test-method> <!-- verifyDownloadsPage -->
        <test-method is-config="true" signature="tearDown()[pri:0, instance:tests.DownloadsTest@6a2f6f80]" started-at="2026-01-09T18:27:30 IST" name="tearDown" finished-at="2026-01-09T18:27:30 IST" duration-ms="294" status="PASS">
          <reporter-output>
          </reporter-output>
        </test-method> <!-- tearDown -->
        <test-method is-config="true" signature="setup(java.lang.String)[pri:0, instance:tests.DownloadsTest@6a2f6f80]" started-at="2026-01-09T18:27:30 IST" name="setup" finished-at="2026-01-09T18:27:33 IST" duration-ms="2399" status="PASS">
          <params>
            <param index="0">
              <value>
                <![CDATA[chrome]]>
              </value>
            </param>
          </params>
          <reporter-output>
          </reporter-output>
        </test-method> <!-- setup -->
        <test-method is-config="true" signature="login()[pri:0, instance:tests.DownloadsTest@6a2f6f80]" started-at="2026-01-09T18:27:33 IST" name="login" finished-at="2026-01-09T18:27:37 IST" duration-ms="3900" status="PASS">
          <reporter-output>
          </reporter-output>
        </test-method> <!-- login -->
        <test-method signature="verifyDownloadsPage(java.lang.String,java.lang.String,java.lang.String)[pri:7, instance:tests.DownloadsTest@6a2f6f80]" started-at="2026-01-09T18:27:37 IST" name="verifyDownloadsPage" data-provider="downloadsData" finished-at="2026-01-09T18:27:37 IST" duration-ms="629" status="PASS">
          <params>
            <param index="0">
              <value>
                <![CDATA[DL_05]]>
              </value>
            </param>
            <param index="1">
              <value>
                <![CDATA[Gecko Driver for Latest firefox ]]>
              </value>
            </param>
            <param index="2">
              <value>
                <![CDATA[PASS]]>
              </value>
            </param>
          </params>
          <reporter-output>
          </reporter-output>
        </test-method> <!-- verifyDownloadsPage -->
        <test-method is-config="true" signature="tearDown()[pri:0, instance:tests.DownloadsTest@6a2f6f80]" started-at="2026-01-09T18:27:37 IST" name="tearDown" finished-at="2026-01-09T18:27:38 IST" duration-ms="308" status="PASS">
          <reporter-output>
          </reporter-output>
        </test-method> <!-- tearDown -->
      </class> <!-- tests.DownloadsTest -->
      <class name="tests.OperatorsTest">
        <test-method is-config="true" signature="setup(java.lang.String)[pri:0, instance:tests.OperatorsTest@707194ba]" started-at="2026-01-09T18:25:40 IST" name="setup" finished-at="2026-01-09T18:25:42 IST" duration-ms="2225" status="PASS">
          <params>
            <param index="0">
              <value>
                <![CDATA[chrome]]>
              </value>
            </param>
          </params>
          <reporter-output>
          </reporter-output>
        </test-method> <!-- setup -->
        <test-method is-config="true" signature="login()[pri:0, instance:tests.OperatorsTest@707194ba]" started-at="2026-01-09T18:25:42 IST" name="login" finished-at="2026-01-09T18:25:46 IST" duration-ms="3712" status="PASS">
          <reporter-output>
          </reporter-output>
        </test-method> <!-- login -->
        <test-method signature="verifyOperatorsPage(java.lang.String,java.lang.String,java.lang.String,java.lang.String)[pri:5, instance:tests.OperatorsTest@707194ba]" started-at="2026-01-09T18:25:46 IST" name="verifyOperatorsPage" data-provider="operatorsData" finished-at="2026-01-09T18:25:47 IST" duration-ms="486" status="PASS">
          <params>
            <param index="0">
              <value>
                <![CDATA[ OP_01     ]]>
              </value>
            </param>
            <param index="1">
              <value>
                <![CDATA[Operators]]>
              </value>
            </param>
            <param index="2">
              <value>
                <![CDATA[5]]>
              </value>
            </param>
            <param index="3">
              <value>
                <![CDATA[Kiran]]>
              </value>
            </param>
          </params>
          <reporter-output>
          </reporter-output>
        </test-method> <!-- verifyOperatorsPage -->
        <test-method is-config="true" signature="tearDown()[pri:0, instance:tests.OperatorsTest@707194ba]" started-at="2026-01-09T18:25:47 IST" name="tearDown" finished-at="2026-01-09T18:25:47 IST" duration-ms="261" status="PASS">
          <reporter-output>
          </reporter-output>
        </test-method> <!-- tearDown -->
        <test-method is-config="true" signature="setup(java.lang.String)[pri:0, instance:tests.OperatorsTest@707194ba]" started-at="2026-01-09T18:25:47 IST" name="setup" finished-at="2026-01-09T18:25:49 IST" duration-ms="2065" status="PASS">
          <params>
            <param index="0">
              <value>
                <![CDATA[chrome]]>
              </value>
            </param>
          </params>
          <reporter-output>
          </reporter-output>
        </test-method> <!-- setup -->
        <test-method is-config="true" signature="login()[pri:0, instance:tests.OperatorsTest@707194ba]" started-at="2026-01-09T18:25:49 IST" name="login" finished-at="2026-01-09T18:25:53 IST" duration-ms="3612" status="PASS">
          <reporter-output>
          </reporter-output>
        </test-method> <!-- login -->
        <test-method signature="verifyOperatorsPage(java.lang.String,java.lang.String,java.lang.String,java.lang.String)[pri:5, instance:tests.OperatorsTest@707194ba]" started-at="2026-01-09T18:25:53 IST" name="verifyOperatorsPage" data-provider="operatorsData" finished-at="2026-01-09T18:25:53 IST" duration-ms="502" status="PASS">
          <params>
            <param index="0">
              <value>
                <![CDATA[OP_02]]>
              </value>
            </param>
            <param index="1">
              <value>
                <![CDATA[Operators]]>
              </value>
            </param>
            <param index="2">
              <value>
                <![CDATA[5]]>
              </value>
            </param>
            <param index="3">
              <value>
                <![CDATA[Neelam]]>
              </value>
            </param>
          </params>
          <reporter-output>
          </reporter-output>
        </test-method> <!-- verifyOperatorsPage -->
        <test-method is-config="true" signature="tearDown()[pri:0, instance:tests.OperatorsTest@707194ba]" started-at="2026-01-09T18:25:53 IST" name="tearDown" finished-at="2026-01-09T18:25:53 IST" duration-ms="320" status="PASS">
          <reporter-output>
          </reporter-output>
        </test-method> <!-- tearDown -->
        <test-method is-config="true" signature="setup(java.lang.String)[pri:0, instance:tests.OperatorsTest@707194ba]" started-at="2026-01-09T18:25:53 IST" name="setup" finished-at="2026-01-09T18:25:56 IST" duration-ms="2152" status="PASS">
          <params>
            <param index="0">
              <value>
                <![CDATA[chrome]]>
              </value>
            </param>
          </params>
          <reporter-output>
          </reporter-output>
        </test-method> <!-- setup -->
        <test-method is-config="true" signature="login()[pri:0, instance:tests.OperatorsTest@707194ba]" started-at="2026-01-09T18:25:56 IST" name="login" finished-at="2026-01-09T18:25:59 IST" duration-ms="3823" status="PASS">
          <reporter-output>
          </reporter-output>
        </test-method> <!-- login -->
        <test-method signature="verifyOperatorsPage(java.lang.String,java.lang.String,java.lang.String,java.lang.String)[pri:5, instance:tests.OperatorsTest@707194ba]" started-at="2026-01-09T18:25:59 IST" name="verifyOperatorsPage" data-provider="operatorsData" finished-at="2026-01-09T18:26:00 IST" duration-ms="504" status="PASS">
          <params>
            <param index="0">
              <value>
                <![CDATA[OP_03]]>
              </value>
            </param>
            <param index="1">
              <value>
                <![CDATA[Operators]]>
              </value>
            </param>
            <param index="2">
              <value>
                <![CDATA[5]]>
              </value>
            </param>
            <param index="3">
              <value>
                <![CDATA[Akash]]>
              </value>
            </param>
          </params>
          <reporter-output>
          </reporter-output>
        </test-method> <!-- verifyOperatorsPage -->
        <test-method is-config="true" signature="tearDown()[pri:0, instance:tests.OperatorsTest@707194ba]" started-at="2026-01-09T18:26:00 IST" name="tearDown" finished-at="2026-01-09T18:26:00 IST" duration-ms="336" status="PASS">
          <reporter-output>
          </reporter-output>
        </test-method> <!-- tearDown -->
        <test-method is-config="true" signature="setup(java.lang.String)[pri:0, instance:tests.OperatorsTest@707194ba]" started-at="2026-01-09T18:26:00 IST" name="setup" finished-at="2026-01-09T18:26:02 IST" duration-ms="2139" status="PASS">
          <params>
            <param index="0">
              <value>
                <![CDATA[chrome]]>
              </value>
            </param>
          </params>
          <reporter-output>
          </reporter-output>
        </test-method> <!-- setup -->
        <test-method is-config="true" signature="login()[pri:0, instance:tests.OperatorsTest@707194ba]" started-at="2026-01-09T18:26:02 IST" name="login" finished-at="2026-01-09T18:26:06 IST" duration-ms="3781" status="PASS">
          <reporter-output>
          </reporter-output>
        </test-method> <!-- login -->
        <test-method signature="verifyOperatorsPage(java.lang.String,java.lang.String,java.lang.String,java.lang.String)[pri:5, instance:tests.OperatorsTest@707194ba]" started-at="2026-01-09T18:26:06 IST" name="verifyOperatorsPage" data-provider="operatorsData" finished-at="2026-01-09T18:26:07 IST" duration-ms="564" status="PASS">
          <params>
            <param index="0">
              <value>
                <![CDATA[OP_04]]>
              </value>
            </param>
            <param index="1">
              <value>
                <![CDATA[Operators]]>
              </value>
            </param>
            <param index="2">
              <value>
                <![CDATA[5]]>
              </value>
            </param>
            <param index="3">
              <value>
                <![CDATA[Archana]]>
              </value>
            </param>
          </params>
          <reporter-output>
          </reporter-output>
        </test-method> <!-- verifyOperatorsPage -->
        <test-method is-config="true" signature="tearDown()[pri:0, instance:tests.OperatorsTest@707194ba]" started-at="2026-01-09T18:26:07 IST" name="tearDown" finished-at="2026-01-09T18:26:07 IST" duration-ms="305" status="PASS">
          <reporter-output>
          </reporter-output>
        </test-method> <!-- tearDown -->
        <test-method is-config="true" signature="setup(java.lang.String)[pri:0, instance:tests.OperatorsTest@707194ba]" started-at="2026-01-09T18:26:07 IST" name="setup" finished-at="2026-01-09T18:26:08 IST" duration-ms="1042" status="PASS">
          <params>
            <param index="0">
              <value>
                <![CDATA[chrome]]>
              </value>
            </param>
          </params>
          <reporter-output>
          </reporter-output>
        </test-method> <!-- setup -->
        <test-method is-config="true" signature="login()[pri:0, instance:tests.OperatorsTest@707194ba]" started-at="2026-01-09T18:26:08 IST" name="login" finished-at="2026-01-09T18:26:13 IST" duration-ms="4701" status="PASS">
          <reporter-output>
          </reporter-output>
        </test-method> <!-- login -->
        <test-method signature="verifyOperatorsPage(java.lang.String,java.lang.String,java.lang.String,java.lang.String)[pri:5, instance:tests.OperatorsTest@707194ba]" started-at="2026-01-09T18:26:13 IST" name="verifyOperatorsPage" data-provider="operatorsData" finished-at="2026-01-09T18:26:14 IST" duration-ms="737" status="PASS">
          <params>
            <param index="0">
              <value>
                <![CDATA[OP_05]]>
              </value>
            </param>
            <param index="1">
              <value>
                <![CDATA[Operators]]>
              </value>
            </param>
            <param index="2">
              <value>
                <![CDATA[5]]>
              </value>
            </param>
            <param index="3">
              <value>
                <![CDATA[Pankaj]]>
              </value>
            </param>
          </params>
          <reporter-output>
          </reporter-output>
        </test-method> <!-- verifyOperatorsPage -->
        <test-method is-config="true" signature="tearDown()[pri:0, instance:tests.OperatorsTest@707194ba]" started-at="2026-01-09T18:26:14 IST" name="tearDown" finished-at="2026-01-09T18:26:14 IST" duration-ms="336" status="PASS">
          <reporter-output>
          </reporter-output>
        </test-method> <!-- tearDown -->
      </class> <!-- tests.OperatorsTest -->
      <class name="tests.RegisterTest">
        <test-method is-config="true" signature="setup(java.lang.String)[pri:0, instance:tests.RegisterTest@6f4a47c7]" started-at="2026-01-09T18:23:20 IST" name="setup" finished-at="2026-01-09T18:23:22 IST" duration-ms="2690" status="PASS">
          <params>
            <param index="0">
              <value>
                <![CDATA[chrome]]>
              </value>
            </param>
          </params>
          <reporter-output>
          </reporter-output>
        </test-method> <!-- setup -->
        <test-method signature="verifyRegister(java.lang.String,java.lang.String,java.lang.String,java.lang.String,java.lang.String,java.lang.String)[pri:2, instance:tests.RegisterTest@6f4a47c7]" started-at="2026-01-09T18:23:22 IST" name="verifyRegister" data-provider="registerData" finished-at="2026-01-09T18:23:24 IST" duration-ms="2212" status="PASS">
          <params>
            <param index="0">
              <value>
                <![CDATA[REG_01]]>
              </value>
            </param>
            <param index="1">
              <value>
                <![CDATA[pooja patil]]>
              </value>
            </param>
            <param index="2">
              <value>
                <![CDATA[9876543226]]>
              </value>
            </param>
            <param index="3">
              <value>
                <![CDATA[john1@test.com]]>
              </value>
            </param>
            <param index="4">
              <value>
                <![CDATA[Test@123]]>
              </value>
            </param>
            <param index="5">
              <value>
                <![CDATA[1]]>
              </value>
            </param>
          </params>
          <reporter-output>
          </reporter-output>
        </test-method> <!-- verifyRegister -->
        <test-method is-config="true" signature="tearDown()[pri:0, instance:tests.RegisterTest@6f4a47c7]" started-at="2026-01-09T18:23:24 IST" name="tearDown" finished-at="2026-01-09T18:23:25 IST" duration-ms="302" status="PASS">
          <reporter-output>
          </reporter-output>
        </test-method> <!-- tearDown -->
        <test-method is-config="true" signature="setup(java.lang.String)[pri:0, instance:tests.RegisterTest@6f4a47c7]" started-at="2026-01-09T18:23:25 IST" name="setup" finished-at="2026-01-09T18:23:27 IST" duration-ms="2177" status="PASS">
          <params>
            <param index="0">
              <value>
                <![CDATA[chrome]]>
              </value>
            </param>
          </params>
          <reporter-output>
          </reporter-output>
        </test-method> <!-- setup -->
        <test-method signature="verifyRegister(java.lang.String,java.lang.String,java.lang.String,java.lang.String,java.lang.String,java.lang.String)[pri:2, instance:tests.RegisterTest@6f4a47c7]" started-at="2026-01-09T18:23:27 IST" name="verifyRegister" data-provider="registerData" finished-at="2026-01-09T18:23:30 IST" duration-ms="2939" status="PASS">
          <params>
            <param index="0">
              <value>
                <![CDATA[REG_02]]>
              </value>
            </param>
            <param index="1">
              <value>
                <![CDATA[ ""]]>
              </value>
            </param>
            <param index="2">
              <value>
                <![CDATA[9037489273]]>
              </value>
            </param>
            <param index="3">
              <value>
                <![CDATA[anna@test.com]]>
              </value>
            </param>
            <param index="4">
              <value>
                <![CDATA[Test@123]]>
              </value>
            </param>
            <param index="5">
              <value>
                <![CDATA[0]]>
              </value>
            </param>
          </params>
          <reporter-output>
          </reporter-output>
        </test-method> <!-- verifyRegister -->
        <test-method is-config="true" signature="tearDown()[pri:0, instance:tests.RegisterTest@6f4a47c7]" started-at="2026-01-09T18:23:30 IST" name="tearDown" finished-at="2026-01-09T18:23:30 IST" duration-ms="247" status="PASS">
          <reporter-output>
          </reporter-output>
        </test-method> <!-- tearDown -->
        <test-method is-config="true" signature="setup(java.lang.String)[pri:0, instance:tests.RegisterTest@6f4a47c7]" started-at="2026-01-09T18:23:30 IST" name="setup" finished-at="2026-01-09T18:23:33 IST" duration-ms="2646" status="PASS">
          <params>
            <param index="0">
              <value>
                <![CDATA[chrome]]>
              </value>
            </param>
          </params>
          <reporter-output>
          </reporter-output>
        </test-method> <!-- setup -->
        <test-method signature="verifyRegister(java.lang.String,java.lang.String,java.lang.String,java.lang.String,java.lang.String,java.lang.String)[pri:2, instance:tests.RegisterTest@6f4a47c7]" started-at="2026-01-09T18:23:33 IST" name="verifyRegister" data-provider="registerData" finished-at="2026-01-09T18:23:36 IST" duration-ms="2811" status="PASS">
          <params>
            <param index="0">
              <value>
                <![CDATA[REG_03]]>
              </value>
            </param>
            <param index="1">
              <value>
                <![CDATA[trisha doe]]>
              </value>
            </param>
            <param index="2">
              <value>
                <![CDATA[""]]>
              </value>
            </param>
            <param index="3">
              <value>
                <![CDATA[doe@test.com]]>
              </value>
            </param>
            <param index="4">
              <value>
                <![CDATA[Test@123]]>
              </value>
            </param>
            <param index="5">
              <value>
                <![CDATA[0]]>
              </value>
            </param>
          </params>
          <reporter-output>
          </reporter-output>
        </test-method> <!-- verifyRegister -->
        <test-method is-config="true" signature="tearDown()[pri:0, instance:tests.RegisterTest@6f4a47c7]" started-at="2026-01-09T18:23:36 IST" name="tearDown" finished-at="2026-01-09T18:23:36 IST" duration-ms="288" status="PASS">
          <reporter-output>
          </reporter-output>
        </test-method> <!-- tearDown -->
        <test-method is-config="true" signature="setup(java.lang.String)[pri:0, instance:tests.RegisterTest@6f4a47c7]" started-at="2026-01-09T18:23:36 IST" name="setup" finished-at="2026-01-09T18:23:39 IST" duration-ms="3556" status="PASS">
          <params>
            <param index="0">
              <value>
                <![CDATA[chrome]]>
              </value>
            </param>
          </params>
          <reporter-output>
          </reporter-output>
        </test-method> <!-- setup -->
        <test-method signature="verifyRegister(java.lang.String,java.lang.String,java.lang.String,java.lang.String,java.lang.String,java.lang.String)[pri:2, instance:tests.RegisterTest@6f4a47c7]" started-at="2026-01-09T18:23:39 IST" name="verifyRegister" data-provider="registerData" finished-at="2026-01-09T18:23:42 IST" duration-ms="2894" status="PASS">
          <params>
            <param index="0">
              <value>
                <![CDATA[REG_04]]>
              </value>
            </param>
            <param index="1">
              <value>
                <![CDATA[John Doe]]>
              </value>
            </param>
            <param index="2">
              <value>
                <![CDATA[9785893468]]>
              </value>
            </param>
            <param index="3">
              <value>
                <![CDATA[""]]>
              </value>
            </param>
            <param index="4">
              <value>
                <![CDATA[Test@123]]>
              </value>
            </param>
            <param index="5">
              <value>
                <![CDATA[0]]>
              </value>
            </param>
          </params>
          <reporter-output>
          </reporter-output>
        </test-method> <!-- verifyRegister -->
        <test-method is-config="true" signature="tearDown()[pri:0, instance:tests.RegisterTest@6f4a47c7]" started-at="2026-01-09T18:23:42 IST" name="tearDown" finished-at="2026-01-09T18:23:43 IST" duration-ms="346" status="PASS">
          <reporter-output>
          </reporter-output>
        </test-method> <!-- tearDown -->
        <test-method is-config="true" signature="setup(java.lang.String)[pri:0, instance:tests.RegisterTest@6f4a47c7]" started-at="2026-01-09T18:23:43 IST" name="setup" finished-at="2026-01-09T18:23:45 IST" duration-ms="2550" status="PASS">
          <params>
            <param index="0">
              <value>
                <![CDATA[chrome]]>
              </value>
            </param>
          </params>
          <reporter-output>
          </reporter-output>
        </test-method> <!-- setup -->
        <test-method signature="verifyRegister(java.lang.String,java.lang.String,java.lang.String,java.lang.String,java.lang.String,java.lang.String)[pri:2, instance:tests.RegisterTest@6f4a47c7]" started-at="2026-01-09T18:23:45 IST" name="verifyRegister" data-provider="registerData" finished-at="2026-01-09T18:23:48 IST" duration-ms="2672" status="PASS">
          <params>
            <param index="0">
              <value>
                <![CDATA[REG_05]]>
              </value>
            </param>
            <param index="1">
              <value>
                <![CDATA[John Doe]]>
              </value>
            </param>
            <param index="2">
              <value>
                <![CDATA[9827594745]]>
              </value>
            </param>
            <param index="3">
              <value>
                <![CDATA[AA@fmail.com]]>
              </value>
            </param>
            <param index="4">
              <value>
                <![CDATA[""]]>
              </value>
            </param>
            <param index="5">
              <value>
                <![CDATA[0]]>
              </value>
            </param>
          </params>
          <reporter-output>
          </reporter-output>
        </test-method> <!-- verifyRegister -->
        <test-method is-config="true" signature="tearDown()[pri:0, instance:tests.RegisterTest@6f4a47c7]" started-at="2026-01-09T18:23:48 IST" name="tearDown" finished-at="2026-01-09T18:23:48 IST" duration-ms="266" status="PASS">
          <reporter-output>
          </reporter-output>
        </test-method> <!-- tearDown -->
        <test-method is-config="true" signature="setup(java.lang.String)[pri:0, instance:tests.RegisterTest@6f4a47c7]" started-at="2026-01-09T18:23:48 IST" name="setup" finished-at="2026-01-09T18:23:51 IST" duration-ms="2636" status="PASS">
          <params>
            <param index="0">
              <value>
                <![CDATA[chrome]]>
              </value>
            </param>
          </params>
          <reporter-output>
          </reporter-output>
        </test-method> <!-- setup -->
        <test-method signature="verifyRegister(java.lang.String,java.lang.String,java.lang.String,java.lang.String,java.lang.String,java.lang.String)[pri:2, instance:tests.RegisterTest@6f4a47c7]" started-at="2026-01-09T18:23:51 IST" name="verifyRegister" data-provider="registerData" finished-at="2026-01-09T18:23:53 IST" duration-ms="2650" status="PASS">
          <params>
            <param index="0">
              <value>
                <![CDATA[REG_07]]>
              </value>
            </param>
            <param index="1">
              <value>
                <![CDATA[J]]>
              </value>
            </param>
            <param index="2">
              <value>
                <![CDATA[<<<8724594]]>
              </value>
            </param>
            <param index="3">
              <value>
                <![CDATA[jd@test.com]]>
              </value>
            </param>
            <param index="4">
              <value>
[...]
          </params>
          <reporter-output>
          </reporter-output>
        </test-method> <!-- verifyRegister -->
        <test-method is-config="true" signature="tearDown()[pri:0, instance:tests.RegisterTest@ed7f8b4]" started-at="2026-01-09T18:24:37 IST" name="tearDown" finished-at="2026-01-09T18:24:39 IST" duration-ms="1840" status="PASS">
          <reporter-output>
          </reporter-output>
        </test-method> <!-- tearDown -->
        <test-method is-config="true" signature="setup(java.lang.String)[pri:0, instance:tests.RegisterTest@ed7f8b4]" started-at="2026-01-09T18:24:39 IST" name="setup" finished-at="2026-01-09T18:24:45 IST" duration-ms="5565" status="PASS">
          <params>
            <param index="0">
              <value>
                <![CDATA[firefox]]>
              </value>
            </param>
          </params>
          <reporter-output>
          </reporter-output>
        </test-method> <!-- setup -->
        <test-method signature="verifyRegister(java.lang.String,java.lang.String,java.lang.String,java.lang.String,java.lang.String,java.lang.String)[pri:2, instance:tests.RegisterTest@ed7f8b4]" started-at="2026-01-09T18:24:45 IST" name="verifyRegister" data-provider="registerData" finished-at="2026-01-09T18:24:47 IST" duration-ms="2475" status="PASS">
          <params>
            <param index="0">
              <value>
                <![CDATA[REG_05]]>
              </value>
            </param>
            <param index="1">
              <value>
                <![CDATA[John Doe]]>
              </value>
            </param>
            <param index="2">
              <value>
                <![CDATA[9827594745]]>
              </value>
            </param>
            <param index="3">
              <value>
                <![CDATA[AA@fmail.com]]>
              </value>
            </param>
            <param index="4">
              <value>
                <![CDATA[""]]>
              </value>
            </param>
            <param index="5">
              <value>
                <![CDATA[0]]>
              </value>
            </param>
          </params>
          <reporter-output>
          </reporter-output>
        </test-method> <!-- verifyRegister -->
        <test-method is-config="true" signature="tearDown()[pri:0, instance:tests.RegisterTest@ed7f8b4]" started-at="2026-01-09T18:24:47 IST" name="tearDown" finished-at="2026-01-09T18:24:49 IST" duration-ms="2015" status="PASS">
          <reporter-output>
          </reporter-output>
        </test-method> <!-- tearDown -->
        <test-method is-config="true" signature="setup(java.lang.String)[pri:0, instance:tests.RegisterTest@ed7f8b4]" started-at="2026-01-09T18:24:49 IST" name="setup" finished-at="2026-01-09T18:24:55 IST" duration-ms="5537" status="PASS">
          <params>
            <param index="0">
              <value>
                <![CDATA[firefox]]>
              </value>
            </param>
          </params>
          <reporter-output>
          </reporter-output>
        </test-method> <!-- setup -->
        <test-method signature="verifyRegister(java.lang.String,java.lang.String,java.lang.String,java.lang.String,java.lang.String,java.lang.String)[pri:2, instance:tests.RegisterTest@ed7f8b4]" started-at="2026-01-09T18:24:55 IST" name="verifyRegister" data-provider="registerData" finished-at="2026-01-09T18:24:57 IST" duration-ms="2551" status="PASS">
          <params>
            <param index="0">
              <value>
                <![CDATA[REG_07]]>
              </value>
            </param>
            <param index="1">
              <value>
                <![CDATA[J]]>
              </value>
            </param>
            <param index="2">
              <value>
                <![CDATA[<<<8724594]]>
              </value>
            </param>
            <param index="3">
              <value>
                <![CDATA[jd@test.com]]>
              </value>
            </param>
            <param index="4">
              <value>
                <![CDATA[^^^6^]]>
              </value>
            </param>
            <param index="5">
              <value>
                <![CDATA[0]]>
              </value>
            </param>
          </params>
          <reporter-output>
          </reporter-output>
        </test-method> <!-- verifyRegister -->
        <test-method is-config="true" signature="tearDown()[pri:0, instance:tests.RegisterTest@ed7f8b4]" started-at="2026-01-09T18:24:57 IST" name="tearDown" finished-at="2026-01-09T18:25:00 IST" duration-ms="2602" status="PASS">
          <reporter-output>
          </reporter-output>
        </test-method> <!-- tearDown -->
      </class> <!-- tests.RegisterTest -->
      <class name="tests.DashboardTest">
        <test-method is-config="true" signature="setup(java.lang.String)[pri:0, instance:tests.DashboardTest@4c309d4d]" started-at="2026-01-09T18:25:00 IST" name="setup" finished-at="2026-01-09T18:25:06 IST" duration-ms="5904" status="PASS">
          <params>
            <param index="0">
              <value>
                <![CDATA[firefox]]>
              </value>
            </param>
          </params>
          <reporter-output>
          </reporter-output>
        </test-method> <!-- setup -->
        <test-method is-config="true" signature="login()[pri:0, instance:tests.DashboardTest@4c309d4d]" started-at="2026-01-09T18:25:06 IST" name="login" finished-at="2026-01-09T18:25:09 IST" duration-ms="3641" status="PASS">
          <reporter-output>
          </reporter-output>
        </test-method> <!-- login -->
        <test-method signature="verifyDashboard(java.lang.String,java.lang.String,java.lang.String,java.lang.String,java.lang.String,java.lang.String)[pri:3, instance:tests.DashboardTest@4c309d4d]" started-at="2026-01-09T18:25:09 IST" name="verifyDashboard" data-provider="dashboardData" finished-at="2026-01-09T18:25:10 IST" duration-ms="185" status="PASS">
          <params>
            <param index="0">
              <value>
                <![CDATA[DB_01]]>
              </value>
            </param>
            <param index="1">
              <value>
                <![CDATA[Dashboard]]>
              </value>
            </param>
            <param index="2">
              <value>
                <![CDATA[6]]>
              </value>
            </param>
            <param index="3">
              <value>
                <![CDATA[4]]>
              </value>
            </param>
            <param index="4">
              <value>
                <![CDATA[Dashboard ]]>
              </value>
            </param>
            <param index="5">
              <value>
                <![CDATA[Selenium]]>
              </value>
            </param>
          </params>
          <reporter-output>
          </reporter-output>
        </test-method> <!-- verifyDashboard -->
        <test-method is-config="true" signature="tearDown()[pri:0, instance:tests.DashboardTest@4c309d4d]" started-at="2026-01-09T18:25:10 IST" name="tearDown" finished-at="2026-01-09T18:25:11 IST" duration-ms="1830" status="PASS">
          <reporter-output>
          </reporter-output>
        </test-method> <!-- tearDown -->
        <test-method is-config="true" signature="setup(java.lang.String)[pri:0, instance:tests.DashboardTest@4c309d4d]" started-at="2026-01-09T18:25:11 IST" name="setup" finished-at="2026-01-09T18:25:19 IST" duration-ms="8084" status="PASS">
          <params>
            <param index="0">
              <value>
                <![CDATA[firefox]]>
              </value>
            </param>
          </params>
          <reporter-output>
          </reporter-output>
        </test-method> <!-- setup -->
        <test-method is-config="true" signature="login()[pri:0, instance:tests.DashboardTest@4c309d4d]" started-at="2026-01-09T18:25:19 IST" name="login" finished-at="2026-01-09T18:25:23 IST" duration-ms="3581" status="PASS">
          <reporter-output>
          </reporter-output>
        </test-method> <!-- login -->
        <test-method signature="verifyDashboard(java.lang.String,java.lang.String,java.lang.String,java.lang.String,java.lang.String,java.lang.String)[pri:3, instance:tests.DashboardTest@4c309d4d]" started-at="2026-01-09T18:25:23 IST" name="verifyDashboard" data-provider="dashboardData" finished-at="2026-01-09T18:25:23 IST" duration-ms="264" status="PASS">
          <params>
            <param index="0">
              <value>
                <![CDATA[DB_02]]>
              </value>
            </param>
            <param index="1">
              <value>
                <![CDATA[Dashboard]]>
              </value>
            </param>
            <param index="2">
              <value>
                <![CDATA[6]]>
              </value>
            </param>
            <param index="3">
              <value>
                <![CDATA[4]]>
              </value>
            </param>
            <param index="4">
              <value>
                <![CDATA[Users]]>
              </value>
            </param>
            <param index="5">
              <value>
                <![CDATA[Java / J2EE]]>
              </value>
            </param>
          </params>
          <reporter-output>
          </reporter-output>
        </test-method> <!-- verifyDashboard -->
        <test-method is-config="true" signature="tearDown()[pri:0, instance:tests.DashboardTest@4c309d4d]" started-at="2026-01-09T18:25:23 IST" name="tearDown" finished-at="2026-01-09T18:25:26 IST" duration-ms="2584" status="PASS">
          <reporter-output>
          </reporter-output>
        </test-method> <!-- tearDown -->
        <test-method is-config="true" signature="setup(java.lang.String)[pri:0, instance:tests.DashboardTest@4c309d4d]" started-at="2026-01-09T18:25:26 IST" name="setup" finished-at="2026-01-09T18:25:32 IST" duration-ms="5772" status="PASS">
          <params>
            <param index="0">
              <value>
                <![CDATA[firefox]]>
              </value>
            </param>
          </params>
          <reporter-output>
          </reporter-output>
        </test-method> <!-- setup -->
        <test-method is-config="true" signature="login()[pri:0, instance:tests.DashboardTest@4c309d4d]" started-at="2026-01-09T18:25:32 IST" name="login" finished-at="2026-01-09T18:25:35 IST" duration-ms="3795" status="PASS">
          <reporter-output>
          </reporter-output>
        </test-method> <!-- login -->
        <test-method signature="verifyDashboard(java.lang.String,java.lang.String,java.lang.String,java.lang.String,java.lang.String,java.lang.String)[pri:3, instance:tests.DashboardTest@4c309d4d]" started-at="2026-01-09T18:25:35 IST" name="verifyDashboard" data-provider="dashboardData" finished-at="2026-01-09T18:25:36 IST" duration-ms="193" status="PASS">
          <params>
            <param index="0">
              <value>
                <![CDATA[DB_03]]>
              </value>
            </param>
            <param index="1">
              <value>
                <![CDATA[Dashboard]]>
              </value>
            </param>
            <param index="2">
              <value>
                <![CDATA[6]]>
              </value>
            </param>
            <param index="3">
              <value>
                <![CDATA[4]]>
              </value>
            </param>
            <param index="4">
              <value>
                <![CDATA[Operators]]>
              </value>
            </param>
            <param index="5">
              <value>
                <![CDATA[Python]]>
              </value>
            </param>
          </params>
          <reporter-output>
          </reporter-output>
        </test-method> <!-- verifyDashboard -->
        <test-method is-config="true" signature="tearDown()[pri:0, instance:tests.DashboardTest@4c309d4d]" started-at="2026-01-09T18:25:36 IST" name="tearDown" finished-at="2026-01-09T18:25:37 IST" duration-ms="1723" status="PASS">
          <reporter-output>
          </reporter-output>
        </test-method> <!-- tearDown -->
        <test-method is-config="true" signature="setup(java.lang.String)[pri:0, instance:tests.DashboardTest@4c309d4d]" started-at="2026-01-09T18:25:37 IST" name="setup" finished-at="2026-01-09T18:25:44 IST" duration-ms="7087" status="PASS">
          <params>
            <param index="0">
              <value>
                <![CDATA[firefox]]>
              </value>
            </param>
          </params>
          <reporter-output>
          </reporter-output>
        </test-method> <!-- setup -->
        <test-method is-config="true" signature="login()[pri:0, instance:tests.DashboardTest@4c309d4d]" started-at="2026-01-09T18:25:44 IST" name="login" finished-at="2026-01-09T18:25:48 IST" duration-ms="3754" status="PASS">
          <reporter-output>
          </reporter-output>
        </test-method> <!-- login -->
        <test-method signature="verifyDashboard(java.lang.String,java.lang.String,java.lang.String,java.lang.String,java.lang.String,java.lang.String)[pri:3, instance:tests.DashboardTest@4c309d4d]" started-at="2026-01-09T18:25:48 IST" name="verifyDashboard" data-provider="dashboardData" finished-at="2026-01-09T18:25:48 IST" duration-ms="230" status="PASS">
          <params>
            <param index="0">
              <value>
                <![CDATA[DB_04]]>
              </value>
            </param>
            <param index="1">
              <value>
                <![CDATA[Dashboard]]>
              </value>
            </param>
            <param index="2">
              <value>
                <![CDATA[6]]>
              </value>
            </param>
            <param index="3">
              <value>
                <![CDATA[4]]>
              </value>
            </param>
            <param index="4">
              <value>
                <![CDATA[Useful Links]]>
              </value>
            </param>
            <param index="5">
              <value>
                <![CDATA[Php]]>
              </value>
            </param>
          </params>
          <reporter-output>
          </reporter-output>
        </test-method> <!-- verifyDashboard -->
        <test-method is-config="true" signature="tearDown()[pri:0, instance:tests.DashboardTest@4c309d4d]" started-at="2026-01-09T18:25:48 IST" name="tearDown" finished-at="2026-01-09T18:25:50 IST" duration-ms="1856" status="PASS">
          <reporter-output>
          </reporter-output>
        </test-method> <!-- tearDown -->
        <test-method is-config="true" signature="setup(java.lang.String)[pri:0, instance:tests.DashboardTest@4c309d4d]" started-at="2026-01-09T18:25:50 IST" name="setup" finished-at="2026-01-09T18:25:57 IST" duration-ms="6571" status="PASS">
          <params>
            <param index="0">
              <value>
                <![CDATA[firefox]]>
              </value>
            </param>
          </params>
          <reporter-output>
          </reporter-output>
        </test-method> <!-- setup -->
        <test-method is-config="true" signature="login()[pri:0, instance:tests.DashboardTest@4c309d4d]" started-at="2026-01-09T18:25:57 IST" name="login" finished-at="2026-01-09T18:26:01 IST" duration-ms="3858" status="PASS">
          <reporter-output>
          </reporter-output>
        </test-method> <!-- login -->
        <test-method signature="verifyDashboard(java.lang.String,java.lang.String,java.lang.String,java.lang.String,java.lang.String,java.lang.String)[pri:3, instance:tests.DashboardTest@4c309d4d]" started-at="2026-01-09T18:26:01 IST" name="verifyDashboard" data-provider="dashboardData" finished-at="2026-01-09T18:26:01 IST" duration-ms="272" status="PASS">
          <params>
            <param index="0">
              <value>
                <![CDATA[DB_05]]>
              </value>
            </param>
            <param index="1">
              <value>
                <![CDATA[Dashboard]]>
              </value>
            </param>
            <param index="2">
              <value>
                <![CDATA[6]]>
              </value>
            </param>
            <param index="3">
              <value>
                <![CDATA[4]]>
              </value>
            </param>
            <param index="4">
              <value>
                <![CDATA[Downloads]]>
              </value>
            </param>
            <param index="5">
              <value>
                <![CDATA[]]>
              </value>
            </param>
          </params>
          <reporter-output>
          </reporter-output>
        </test-method> <!-- verifyDashboard -->
        <test-method is-config="true" signature="tearDown()[pri:0, instance:tests.DashboardTest@4c309d4d]" started-at="2026-01-09T18:26:01 IST" name="tearDown" finished-at="2026-01-09T18:26:03 IST" duration-ms="1829" status="PASS">
          <reporter-output>
          </reporter-output>
        </test-method> <!-- tearDown -->
        <test-method is-config="true" signature="setup(java.lang.String)[pri:0, instance:tests.DashboardTest@4c309d4d]" started-at="2026-01-09T18:26:03 IST" name="setup" finished-at="2026-01-09T18:26:10 IST" duration-ms="7364" status="PASS">
          <params>
            <param index="0">
              <value>
                <![CDATA[firefox]]>
              </value>
            </param>
          </params>
          <reporter-output>
          </reporter-output>
        </test-method> <!-- setup -->
        <test-method is-config="true" signature="login()[pri:0, instance:tests.DashboardTest@4c309d4d]" started-at="2026-01-09T18:26:10 IST" name="login" finished-at="2026-01-09T18:26:14 IST" duration-ms="3890" status="PASS">
          <reporter-output>
          </reporter-output>
        </test-method> <!-- login -->
        <test-method signature="verifyDashboard(java.lang.String,java.lang.String,java.lang.String,java.lang.String,java.lang.String,java.lang.String)[pri:3, instance:tests.DashboardTest@4c309d4d]" started-at="2026-01-09T18:26:14 IST" name="verifyDashboard" data-provider="dashboardData" finished-at="2026-01-09T18:26:14 IST" duration-ms="209" status="PASS">
          <params>
            <param index="0">
              <value>
                <![CDATA[DB_06]]>
              </value>
            </param>
            <param index="1">
              <value>
                <![CDATA[Dashboard]]>
              </value>
            </param>
            <param index="2">
              <value>
                <![CDATA[6]]>
              </value>
            </param>
            <param index="3">
              <value>
                <![CDATA[4]]>
              </value>
            </param>
            <param index="4">
              <value>
                <![CDATA[Logout]]>
              </value>
            </param>
            <param index="5">
              <value>
                <![CDATA[]]>
              </value>
            </param>
          </params>
          <reporter-output>
          </reporter-output>
        </test-method> <!-- verifyDashboard -->
        <test-method is-config="true" signature="tearDown()[pri:0, instance:tests.DashboardTest@4c309d4d]" started-at="2026-01-09T18:26:14 IST" name="tearDown" finished-at="2026-01-09T18:26:16 IST" duration-ms="1908" status="PASS">
          <reporter-output>
          </reporter-output>
        </test-method> <!-- tearDown -->
      </class> <!-- tests.DashboardTest -->
    </test> <!-- FirefoxTest -->
  </suite> <!-- Suite -->
</testng-results>
