<?xml version="1.0" encoding="UTF-8"?>
<!-- Generated by org.testng.reporters.JUnitXMLReporter -->
<testsuite ignored="0" hostname="Surajs_Omen" failures="0" tests="41" name="Edge Flow" time="2.466" errors="0" timestamp="2026-01-08T17:23:38 IST">
  <testcase classname="tests.LoginTest" name="verifyLogin" time="0.0">
    <skipped/>
  </testcase> <!-- verifyLogin -->
  <testcase classname="tests.LoginTest" name="verifyLogin" time="0.0">
    <skipped/>
  </testcase> <!-- verifyLogin -->
  <testcase classname="tests.LoginTest" name="verifyLogin" time="0.0">
    <skipped/>
  </testcase> <!-- verifyLogin -->
  <testcase classname="tests.LoginTest" name="verifyLogin" time="0.0">
    <skipped/>
  </testcase> <!-- verifyLogin -->
  <testcase classname="tests.LoginTest" name="verifyLogin" time="0.0">
    <skipped/>
  </testcase> <!-- verifyLogin -->
  <testcase classname="tests.LoginTest" name="verifyLogin" time="0.0">
    <skipped/>
  </testcase> <!-- verifyLogin -->
  <testcase classname="tests.RegisterTest" name="verifyRegister" time="0.0">
    <skipped/>
  </testcase> <!-- verifyRegister -->
  <testcase classname="tests.RegisterTest" name="verifyRegister" time="0.0">
    <skipped/>
  </testcase> <!-- verifyRegister -->
  <testcase classname="tests.RegisterTest" name="verifyRegister" time="0.0">
    <skipped/>
  </testcase> <!-- verifyRegister -->
  <testcase classname="tests.RegisterTest" name="verifyRegister" time="0.0">
    <skipped/>
  </testcase> <!-- verifyRegister -->
  <testcase classname="tests.RegisterTest" name="verifyRegister" time="0.0">
    <skipped/>
  </testcase> <!-- verifyRegister -->
  <testcase classname="tests.RegisterTest" name="verifyRegister" time="0.0">
    <skipped/>
  </testcase> <!-- verifyRegister -->
  <testcase classname="tests.DashboardTest" name="verifyDashboard" time="0.0">
    <skipped/>
  </testcase> <!-- verifyDashboard -->
  <testcase classname="tests.DashboardTest" name="verifyDashboard" time="0.0">
    <skipped/>
  </testcase> <!-- verifyDashboard -->
  <testcase classname="tests.DashboardTest" name="verifyDashboard" time="0.0">
    <skipped/>
  </testcase> <!-- verifyDashboard -->
  <testcase classname="tests.DashboardTest" name="verifyDashboard" time="0.0">
    <skipped/>
  </testcase> <!-- verifyDashboard -->
  <testcase classname="tests.DashboardTest" name="verifyDashboard" time="0.0">
    <skipped/>
  </testcase> <!-- verifyDashboard -->
  <testcase classname="tests.DashboardTest" name="verifyDashboard" time="0.0">
    <skipped/>
  </testcase> <!-- verifyDashboard -->
  <testcase classname="tests.AddUserTest" name="verifyAddUser" time="0.0">
    <skipped/>
  </testcase> <!-- verifyAddUser -->
  <testcase classname="tests.AddUserTest" name="verifyAddUser" time="0.0">
    <skipped/>
  </testcase> <!-- verifyAddUser -->
  <testcase classname="tests.AddUserTest" name="verifyAddUser" time="0.0">
    <skipped/>
  </testcase> <!-- verifyAddUser -->
  <testcase classname="tests.AddUserTest" name="verifyAddUser" time="0.002">
    <skipped/>
  </testcase> <!-- verifyAddUser -->
  <testcase classname="tests.AddUserTest" name="verifyAddUser" time="0.0">
    <skipped/>
  </testcase> <!-- verifyAddUser -->
  <testcase classname="tests.AddUserTest" name="verifyAddUser" time="0.0">
    <skipped/>
  </testcase> <!-- verifyAddUser -->
  <testcase classname="tests.AddUserTest" name="verifyAddUser" time="0.0">
    <skipped/>
  </testcase> <!-- verifyAddUser -->
  <testcase classname="tests.OperatorsTest" name="verifyOperatorsPage" time="0.0">
    <skipped/>
  </testcase> <!-- verifyOperatorsPage -->
  <testcase classname="tests.OperatorsTest" name="verifyOperatorsPage" time="0.0">
    <skipped/>
  </testcase> <!-- verifyOperatorsPage -->
  <testcase classname="tests.OperatorsTest" name="verifyOperatorsPage" time="0.0">
    <skipped/>
  </testcase> <!-- verifyOperatorsPage -->
  <testcase classname="tests.OperatorsTest" name="verifyOperatorsPage" time="0.0">
    <skipped/>
  </testcase> <!-- verifyOperatorsPage -->
  <testcase classname="tests.OperatorsTest" name="verifyOperatorsPage" time="0.0">
    <skipped/>
  </testcase> <!-- verifyOperatorsPage -->
  <testcase classname="tests.UselinkTest" name="verifyUsefulLinksPage" time="0.0">
    <skipped/>
  </testcase> <!-- verifyUsefulLinksPage -->
  <testcase classname="tests.UselinkTest" name="verifyUsefulLinksPage" time="0.0">
    <skipped/>
  </testcase> <!-- verifyUsefulLinksPage -->
  <testcase classname="tests.UselinkTest" name="verifyUsefulLinksPage" time="0.0">
    <skipped/>
  </testcase> <!-- verifyUsefulLinksPage -->
  <testcase classname="tests.UselinkTest" name="verifyUsefulLinksPage" time="0.0">
    <skipped/>
  </testcase> <!-- verifyUsefulLinksPage -->
  <testcase classname="tests.UselinkTest" name="verifyUsefulLinksPage" time="0.001">
    <skipped/>
  </testcase> <!-- verifyUsefulLinksPage -->
  <testcase classname="tests.UselinkTest" name="verifyUsefulLinksPage" time="0.0">
    <skipped/>
  </testcase> <!-- verifyUsefulLinksPage -->
  <testcase classname="tests.DownloadsTest" name="verifyDownloadsPage" time="0.0">
    <skipped/>
  </testcase> <!-- verifyDownloadsPage -->
  <testcase classname="tests.DownloadsTest" name="verifyDownloadsPage" time="0.0">
    <skipped/>
  </testcase> <!-- verifyDownloadsPage -->
  <testcase classname="tests.DownloadsTest" name="verifyDownloadsPage" time="0.0">
    <skipped/>
  </testcase> <!-- verifyDownloadsPage -->
  <testcase classname="tests.DownloadsTest" name="verifyDownloadsPage" time="0.0">
    <skipped/>
  </testcase> <!-- verifyDownloadsPage -->
  <testcase classname="tests.DownloadsTest" name="verifyDownloadsPage" time="0.0">
    <skipped/>
  </testcase> <!-- verifyDownloadsPage -->
</testsuite> <!-- Edge Flow -->
