<?xml version="1.0" encoding="UTF-8"?>
<!-- Generated by org.testng.reporters.JUnitXMLReporter -->
<testsuite ignored="0" hostname="Surajs_Omen" failures="0" tests="41" name="ChromeTest" time="300.82" errors="0" timestamp="2026-01-09T18:27:38 IST">
  <testcase classname="tests.LoginTest" name="verifyLogin" time="3.522"/>
  <testcase classname="tests.LoginTest" name="verifyLogin" time="3.613"/>
  <testcase classname="tests.LoginTest" name="verifyLogin" time="3.548"/>
  <testcase classname="tests.LoginTest" name="verifyLogin" time="3.377"/>
  <testcase classname="tests.LoginTest" name="verifyLogin" time="3.356"/>
  <testcase classname="tests.LoginTest" name="verifyLogin" time="3.404"/>
  <testcase classname="tests.RegisterTest" name="verifyRegister" time="2.212"/>
  <testcase classname="tests.RegisterTest" name="verifyRegister" time="2.939"/>
  <testcase classname="tests.RegisterTest" name="verifyRegister" time="2.811"/>
  <testcase classname="tests.RegisterTest" name="verifyRegister" time="2.894"/>
  <testcase classname="tests.RegisterTest" name="verifyRegister" time="2.672"/>
  <testcase classname="tests.RegisterTest" name="verifyRegister" time="2.65"/>
  <testcase classname="tests.DashboardTest" name="verifyDashboard" time="0.39"/>
  <testcase classname="tests.DashboardTest" name="verifyDashboard" time="1.462"/>
  <testcase classname="tests.DashboardTest" name="verifyDashboard" time="0.47"/>
  <testcase classname="tests.DashboardTest" name="verifyDashboard" time="0.362"/>
  <testcase classname="tests.DashboardTest" name="verifyDashboard" time="0.272"/>
  <testcase classname="tests.DashboardTest" name="verifyDashboard" time="0.399"/>
  <testcase classname="tests.AddUserTest" name="verifyAddUser" time="2.993"/>
  <testcase classname="tests.AddUserTest" name="verifyAddUser" time="2.519"/>
  <testcase classname="tests.AddUserTest" name="verifyAddUser" time="2.572"/>
  <testcase classname="tests.AddUserTest" name="verifyAddUser" time="2.596"/>
  <testcase classname="tests.AddUserTest" name="verifyAddUser" time="2.616"/>
  <testcase classname="tests.AddUserTest" name="verifyAddUser" time="2.502"/>
  <testcase classname="tests.AddUserTest" name="verifyAddUser" time="2.508"/>
  <testcase classname="tests.OperatorsTest" name="verifyOperatorsPage" time="0.486"/>
  <testcase classname="tests.OperatorsTest" name="verifyOperatorsPage" time="0.502"/>
  <testcase classname="tests.OperatorsTest" name="verifyOperatorsPage" time="0.504"/>
  <testcase classname="tests.OperatorsTest" name="verifyOperatorsPage" time="0.564"/>
  <testcase classname="tests.OperatorsTest" name="verifyOperatorsPage" time="0.737"/>
  <testcase classname="tests.UselinkTest" name="verifyUsefulLinksPage" time="0.883"/>
  <testcase classname="tests.UselinkTest" name="verifyUsefulLinksPage" time="0.495"/>
  <testcase classname="tests.UselinkTest" name="verifyUsefulLinksPage" time="4.778"/>
  <testcase classname="tests.UselinkTest" name="verifyUsefulLinksPage" time="0.894"/>
  <testcase classname="tests.UselinkTest" name="verifyUsefulLinksPage" time="0.874"/>
  <testcase classname="tests.UselinkTest" name="verifyUsefulLinksPage" time="0.943"/>
  <testcase classname="tests.DownloadsTest" name="verifyDownloadsPage" time="0.46"/>
  <testcase classname="tests.DownloadsTest" name="verifyDownloadsPage" time="0.454"/>
  <testcase classname="tests.DownloadsTest" name="verifyDownloadsPage" time="0.494"/>
  <testcase classname="tests.DownloadsTest" name="verifyDownloadsPage" time="0.721"/>
  <testcase classname="tests.DownloadsTest" name="verifyDownloadsPage" time="0.629"/>
</testsuite> <!-- ChromeTest -->
