<?xml version="1.0" encoding="UTF-8"?>
<!-- Generated by org.testng.reporters.JUnitXMLReporter -->
<testsuite ignored="0" hostname="Surajs_Omen" failures="0" tests="41" name="EdgeTest" time="311.589" errors="0" timestamp="2026-01-09T18:27:48 IST">
  <testcase classname="tests.LoginTest" name="verifyLogin" time="4.531"/>
  <testcase classname="tests.LoginTest" name="verifyLogin" time="3.642"/>
  <testcase classname="tests.LoginTest" name="verifyLogin" time="3.497"/>
  <testcase classname="tests.LoginTest" name="verifyLogin" time="3.807"/>
  <testcase classname="tests.LoginTest" name="verifyLogin" time="3.35"/>
  <testcase classname="tests.LoginTest" name="verifyLogin" time="3.892"/>
  <testcase classname="tests.RegisterTest" name="verifyRegister" time="1.955"/>
  <testcase classname="tests.RegisterTest" name="verifyRegister" time="2.697"/>
  <testcase classname="tests.RegisterTest" name="verifyRegister" time="2.701"/>
  <testcase classname="tests.RegisterTest" name="verifyRegister" time="2.921"/>
  <testcase classname="tests.RegisterTest" name="verifyRegister" time="2.674"/>
  <testcase classname="tests.RegisterTest" name="verifyRegister" time="2.751"/>
  <testcase classname="tests.DashboardTest" name="verifyDashboard" time="0.787"/>
  <testcase classname="tests.DashboardTest" name="verifyDashboard" time="1.053"/>
  <testcase classname="tests.DashboardTest" name="verifyDashboard" time="0.508"/>
  <testcase classname="tests.DashboardTest" name="verifyDashboard" time="0.346"/>
  <testcase classname="tests.DashboardTest" name="verifyDashboard" time="0.889"/>
  <testcase classname="tests.DashboardTest" name="verifyDashboard" time="0.378"/>
  <testcase classname="tests.AddUserTest" name="verifyAddUser" time="3.011"/>
  <testcase classname="tests.AddUserTest" name="verifyAddUser" time="2.798"/>
  <testcase classname="tests.AddUserTest" name="verifyAddUser" time="2.862"/>
  <testcase classname="tests.AddUserTest" name="verifyAddUser" time="2.973"/>
  <testcase classname="tests.AddUserTest" name="verifyAddUser" time="2.802"/>
  <testcase classname="tests.AddUserTest" name="verifyAddUser" time="2.938"/>
  <testcase classname="tests.AddUserTest" name="verifyAddUser" time="2.606"/>
  <testcase classname="tests.OperatorsTest" name="verifyOperatorsPage" time="0.562"/>
  <testcase classname="tests.OperatorsTest" name="verifyOperatorsPage" time="0.613"/>
  <testcase classname="tests.OperatorsTest" name="verifyOperatorsPage" time="0.653"/>
  <testcase classname="tests.OperatorsTest" name="verifyOperatorsPage" time="0.697"/>
  <testcase classname="tests.OperatorsTest" name="verifyOperatorsPage" time="0.63"/>
  <testcase classname="tests.UselinkTest" name="verifyUsefulLinksPage" time="4.672"/>
  <testcase classname="tests.UselinkTest" name="verifyUsefulLinksPage" time="0.977"/>
  <testcase classname="tests.UselinkTest" name="verifyUsefulLinksPage" time="1.375"/>
  <testcase classname="tests.UselinkTest" name="verifyUsefulLinksPage" time="1.053"/>
  <testcase classname="tests.UselinkTest" name="verifyUsefulLinksPage" time="1.003"/>
  <testcase classname="tests.UselinkTest" name="verifyUsefulLinksPage" time="1.708"/>
  <testcase classname="tests.DownloadsTest" name="verifyDownloadsPage" time="0.735"/>
  <testcase classname="tests.DownloadsTest" name="verifyDownloadsPage" time="0.918"/>
  <testcase classname="tests.DownloadsTest" name="verifyDownloadsPage" time="0.613"/>
  <testcase classname="tests.DownloadsTest" name="verifyDownloadsPage" time="0.946"/>
  <testcase classname="tests.DownloadsTest" name="verifyDownloadsPage" time="0.613"/>
</testsuite> <!-- EdgeTest -->
