<?xml version="1.0" encoding="UTF-8"?>
<!-- Generated by org.testng.reporters.JUnitXMLReporter -->
<testsuite ignored="0" hostname="Surajs_Omen" failures="0" tests="41" name="FirefoxTest" time="485.859" errors="0" timestamp="2026-01-09T18:30:43 IST">
  <testcase classname="tests.LoginTest" name="verifyLogin" time="3.475"/>
  <testcase classname="tests.LoginTest" name="verifyLogin" time="3.292"/>
  <testcase classname="tests.LoginTest" name="verifyLogin" time="2.959"/>
  <testcase classname="tests.LoginTest" name="verifyLogin" time="3.106"/>
  <testcase classname="tests.LoginTest" name="verifyLogin" time="3.107"/>
  <testcase classname="tests.LoginTest" name="verifyLogin" time="2.996"/>
  <testcase classname="tests.RegisterTest" name="verifyRegister" time="2.04"/>
  <testcase classname="tests.RegisterTest" name="verifyRegister" time="2.641"/>
  <testcase classname="tests.RegisterTest" name="verifyRegister" time="2.688"/>
  <testcase classname="tests.RegisterTest" name="verifyRegister" time="2.45"/>
  <testcase classname="tests.RegisterTest" name="verifyRegister" time="2.475"/>
  <testcase classname="tests.RegisterTest" name="verifyRegister" time="2.551"/>
  <testcase classname="tests.DashboardTest" name="verifyDashboard" time="0.185"/>
  <testcase classname="tests.DashboardTest" name="verifyDashboard" time="0.264"/>
  <testcase classname="tests.DashboardTest" name="verifyDashboard" time="0.193"/>
  <testcase classname="tests.DashboardTest" name="verifyDashboard" time="0.23"/>
  <testcase classname="tests.DashboardTest" name="verifyDashboard" time="0.272"/>
  <testcase classname="tests.DashboardTest" name="verifyDashboard" time="0.209"/>
  <testcase classname="tests.AddUserTest" name="verifyAddUser" time="2.353"/>
  <testcase classname="tests.AddUserTest" name="verifyAddUser" time="2.129"/>
  <testcase classname="tests.AddUserTest" name="verifyAddUser" time="2.151"/>
  <testcase classname="tests.AddUserTest" name="verifyAddUser" time="2.286"/>
  <testcase classname="tests.AddUserTest" name="verifyAddUser" time="2.513"/>
  <testcase classname="tests.AddUserTest" name="verifyAddUser" time="1.79"/>
  <testcase classname="tests.AddUserTest" name="verifyAddUser" time="1.946"/>
  <testcase classname="tests.OperatorsTest" name="verifyOperatorsPage" time="0.197"/>
  <testcase classname="tests.OperatorsTest" name="verifyOperatorsPage" time="0.194"/>
  <testcase classname="tests.OperatorsTest" name="verifyOperatorsPage" time="0.209"/>
  <testcase classname="tests.OperatorsTest" name="verifyOperatorsPage" time="0.241"/>
  <testcase classname="tests.OperatorsTest" name="verifyOperatorsPage" time="0.225"/>
  <testcase classname="tests.UselinkTest" name="verifyUsefulLinksPage" time="0.236"/>
  <testcase classname="tests.UselinkTest" name="verifyUsefulLinksPage" time="0.255"/>
  <testcase classname="tests.UselinkTest" name="verifyUsefulLinksPage" time="0.275"/>
  <testcase classname="tests.UselinkTest" name="verifyUsefulLinksPage" time="0.278"/>
  <testcase classname="tests.UselinkTest" name="verifyUsefulLinksPage" time="0.286"/>
  <testcase classname="tests.UselinkTest" name="verifyUsefulLinksPage" time="0.292"/>
  <testcase classname="tests.DownloadsTest" name="verifyDownloadsPage" time="0.158"/>
  <testcase classname="tests.DownloadsTest" name="verifyDownloadsPage" time="0.193"/>
  <testcase classname="tests.DownloadsTest" name="verifyDownloadsPage" time="0.19"/>
  <testcase classname="tests.DownloadsTest" name="verifyDownloadsPage" time="0.206"/>
  <testcase classname="tests.DownloadsTest" name="verifyDownloadsPage" time="0.223"/>
</testsuite> <!-- FirefoxTest -->
