<?xml version="1.0" encoding="UTF-8"?>
<!-- Generated by org.testng.reporters.JUnitReportReporter -->
<testsuite hostname="Surajs_Omen" failures="0" tests="15" name="tests.DownloadsTest" time="122.946" errors="0" timestamp="2026-01-09T18:30:43 IST" skipped="0">
  <testcase classname="tests.DownloadsTest" name="verifyDownloadsPage" time="10.407"/>
  <testcase classname="tests.DownloadsTest" name="verifyDownloadsPage" time="7.367"/>
  <testcase classname="tests.DownloadsTest" name="verifyDownloadsPage" time="7.207"/>
  <testcase classname="tests.DownloadsTest" name="verifyDownloadsPage" time="7.134"/>
  <testcase classname="tests.DownloadsTest" name="verifyDownloadsPage" time="9.747"/>
  <testcase classname="tests.DownloadsTest" name="verifyDownloadsPage" time="5.650"/>
  <testcase classname="tests.DownloadsTest" name="verifyDownloadsPage" time="10.074"/>
  <testcase classname="tests.DownloadsTest" name="verifyDownloadsPage" time="7.136"/>
  <testcase classname="tests.DownloadsTest" name="verifyDownloadsPage" time="10.964"/>
  <testcase classname="tests.DownloadsTest" name="verifyDownloadsPage" time="7.484"/>
  <testcase classname="tests.DownloadsTest" name="verifyDownloadsPage" time="6.766"/>
  <testcase classname="tests.DownloadsTest" name="verifyDownloadsPage" time="7.096"/>
  <testcase classname="tests.DownloadsTest" name="verifyDownloadsPage" time="7.828"/>
  <testcase classname="tests.DownloadsTest" name="verifyDownloadsPage" time="9.789"/>
  <testcase classname="tests.DownloadsTest" name="verifyDownloadsPage" time="8.297"/>
</testsuite> <!-- tests.DownloadsTest -->
