<?xml version="1.0" encoding="UTF-8"?>
<!-- Generated by org.testng.reporters.JUnitReportReporter -->
<testsuite hostname="Surajs_Omen" failures="0" tests="18" name="tests.RegisterTest" time="130.796" errors="0" timestamp="2026-01-09T18:30:43 IST" skipped="0">
  <testcase classname="tests.RegisterTest" name="verifyRegister" time="5.731"/>
  <testcase classname="tests.RegisterTest" name="verifyRegister" time="9.964"/>
  <testcase classname="tests.RegisterTest" name="verifyRegister" time="5.300"/>
  <testcase classname="tests.RegisterTest" name="verifyRegister" time="9.928"/>
  <testcase classname="tests.RegisterTest" name="verifyRegister" time="12.617"/>
  <testcase classname="tests.RegisterTest" name="verifyRegister" time="5.469"/>
  <testcase classname="tests.RegisterTest" name="verifyRegister" time="9.702"/>
  <testcase classname="tests.RegisterTest" name="verifyRegister" time="5.931"/>
  <testcase classname="tests.RegisterTest" name="verifyRegister" time="5.254"/>
  <testcase classname="tests.RegisterTest" name="verifyRegister" time="5.194"/>
  <testcase classname="tests.RegisterTest" name="verifyRegister" time="5.331"/>
  <testcase classname="tests.RegisterTest" name="verifyRegister" time="4.880"/>
  <testcase classname="tests.RegisterTest" name="verifyRegister" time="5.577"/>
  <testcase classname="tests.RegisterTest" name="verifyRegister" time="5.744"/>
  <testcase classname="tests.RegisterTest" name="verifyRegister" time="11.636"/>
  <testcase classname="tests.RegisterTest" name="verifyRegister" time="5.816"/>
  <testcase classname="tests.RegisterTest" name="verifyRegister" time="6.738"/>
  <testcase classname="tests.RegisterTest" name="verifyRegister" time="9.984"/>
</testsuite> <!-- tests.RegisterTest -->
