<?xml version="1.0" encoding="UTF-8"?>
<!-- Generated by org.testng.reporters.JUnitReportReporter -->
<testsuite hostname="Surajs_Omen" failures="0" tests="15" name="tests.OperatorsTest" time="121.225" errors="0" timestamp="2026-01-09T18:30:43 IST" skipped="0">
  <testcase classname="tests.OperatorsTest" name="verifyOperatorsPage" time="9.902"/>
  <testcase classname="tests.OperatorsTest" name="verifyOperatorsPage" time="10.204"/>
  <testcase classname="tests.OperatorsTest" name="verifyOperatorsPage" time="7.588"/>
  <testcase classname="tests.OperatorsTest" name="verifyOperatorsPage" time="7.657"/>
  <testcase classname="tests.OperatorsTest" name="verifyOperatorsPage" time="10.438"/>
  <testcase classname="tests.OperatorsTest" name="verifyOperatorsPage" time="7.288"/>
  <testcase classname="tests.OperatorsTest" name="verifyOperatorsPage" time="6.660"/>
  <testcase classname="tests.OperatorsTest" name="verifyOperatorsPage" time="6.949"/>
  <testcase classname="tests.OperatorsTest" name="verifyOperatorsPage" time="6.600"/>
  <testcase classname="tests.OperatorsTest" name="verifyOperatorsPage" time="7.795"/>
  <testcase classname="tests.OperatorsTest" name="verifyOperatorsPage" time="5.707"/>
  <testcase classname="tests.OperatorsTest" name="verifyOperatorsPage" time="6.925"/>
  <testcase classname="tests.OperatorsTest" name="verifyOperatorsPage" time="10.499"/>
  <testcase classname="tests.OperatorsTest" name="verifyOperatorsPage" time="7.048"/>
  <testcase classname="tests.OperatorsTest" name="verifyOperatorsPage" time="9.965"/>
</testsuite> <!-- tests.OperatorsTest -->
