<?xml version="1.0" encoding="UTF-8"?>
<!-- Generated by org.testng.reporters.JUnitReportReporter -->
<testsuite hostname="Surajs_Omen" failures="0" tests="18" name="tests.DashboardTest" time="162.999" errors="0" timestamp="2026-01-09T18:30:43 IST" skipped="0">
  <testcase classname="tests.DashboardTest" name="verifyDashboard" time="6.749"/>
  <testcase classname="tests.DashboardTest" name="verifyDashboard" time="8.135"/>
  <testcase classname="tests.DashboardTest" name="verifyDashboard" time="13.980"/>
  <testcase classname="tests.DashboardTest" name="verifyDashboard" time="7.250"/>
  <testcase classname="tests.DashboardTest" name="verifyDashboard" time="7.187"/>
  <testcase classname="tests.DashboardTest" name="verifyDashboard" time="6.762"/>
  <testcase classname="tests.DashboardTest" name="verifyDashboard" time="11.657"/>
  <testcase classname="tests.DashboardTest" name="verifyDashboard" time="12.227"/>
  <testcase classname="tests.DashboardTest" name="verifyDashboard" time="7.221"/>
  <testcase classname="tests.DashboardTest" name="verifyDashboard" time="7.210"/>
  <testcase classname="tests.DashboardTest" name="verifyDashboard" time="6.424"/>
  <testcase classname="tests.DashboardTest" name="verifyDashboard" time="11.615"/>
  <testcase classname="tests.DashboardTest" name="verifyDashboard" time="13.010"/>
  <testcase classname="tests.DashboardTest" name="verifyDashboard" time="5.617"/>
  <testcase classname="tests.DashboardTest" name="verifyDashboard" time="7.737"/>
  <testcase classname="tests.DashboardTest" name="verifyDashboard" time="7.871"/>
  <testcase classname="tests.DashboardTest" name="verifyDashboard" time="8.452"/>
  <testcase classname="tests.DashboardTest" name="verifyDashboard" time="13.895"/>
</testsuite> <!-- tests.DashboardTest -->
