<?xml version="1.0" encoding="UTF-8"?>
<!-- Generated by org.testng.reporters.JUnitReportReporter -->
<testsuite hostname="Surajs_Omen" failures="0" tests="18" name="tests.LoginTest" time="161.241" errors="0" timestamp="2026-01-09T18:30:43 IST" skipped="0">
  <testcase classname="tests.LoginTest" name="verifyLogin" time="12.955"/>
  <testcase classname="tests.LoginTest" name="verifyLogin" time="6.772"/>
  <testcase classname="tests.LoginTest" name="verifyLogin" time="8.406"/>
  <testcase classname="tests.LoginTest" name="verifyLogin" time="12.346"/>
  <testcase classname="tests.LoginTest" name="verifyLogin" time="6.181"/>
  <testcase classname="tests.LoginTest" name="verifyLogin" time="6.893"/>
  <testcase classname="tests.LoginTest" name="verifyLogin" time="6.935"/>
  <testcase classname="tests.LoginTest" name="verifyLogin" time="13.089"/>
  <testcase classname="tests.LoginTest" name="verifyLogin" time="12.673"/>
  <testcase classname="tests.LoginTest" name="verifyLogin" time="13.318"/>
  <testcase classname="tests.LoginTest" name="verifyLogin" time="6.903"/>
  <testcase classname="tests.LoginTest" name="verifyLogin" time="8.194"/>
  <testcase classname="tests.LoginTest" name="verifyLogin" time="6.559"/>
  <testcase classname="tests.LoginTest" name="verifyLogin" time="13.061"/>
  <testcase classname="tests.LoginTest" name="verifyLogin" time="6.452"/>
  <testcase classname="tests.LoginTest" name="verifyLogin" time="6.418"/>
  <testcase classname="tests.LoginTest" name="verifyLogin" time="7.783"/>
  <testcase classname="tests.LoginTest" name="verifyLogin" time="6.303"/>
</testsuite> <!-- tests.LoginTest -->
