<?xml version="1.0" encoding="UTF-8"?>
<!-- Generated by org.testng.reporters.JUnitReportReporter -->
<testsuite hostname="Surajs_Omen" failures="0" tests="21" name="tests.AddUserTest" time="231.734" errors="0" timestamp="2026-01-09T18:30:43 IST" skipped="0">
  <testcase classname="tests.AddUserTest" name="verifyAddUser" time="8.648"/>
  <testcase classname="tests.AddUserTest" name="verifyAddUser" time="14.350"/>
  <testcase classname="tests.AddUserTest" name="verifyAddUser" time="8.779"/>
  <testcase classname="tests.AddUserTest" name="verifyAddUser" time="14.828"/>
  <testcase classname="tests.AddUserTest" name="verifyAddUser" time="9.812"/>
  <testcase classname="tests.AddUserTest" name="verifyAddUser" time="16.012"/>
  <testcase classname="tests.AddUserTest" name="verifyAddUser" time="9.646"/>
  <testcase classname="tests.AddUserTest" name="verifyAddUser" time="14.279"/>
  <testcase classname="tests.AddUserTest" name="verifyAddUser" time="9.853"/>
  <testcase classname="tests.AddUserTest" name="verifyAddUser" time="12.935"/>
  <testcase classname="tests.AddUserTest" name="verifyAddUser" time="15.250"/>
  <testcase classname="tests.AddUserTest" name="verifyAddUser" time="8.857"/>
  <testcase classname="tests.AddUserTest" name="verifyAddUser" time="8.934"/>
  <testcase classname="tests.AddUserTest" name="verifyAddUser" time="8.804"/>
  <testcase classname="tests.AddUserTest" name="verifyAddUser" time="9.263"/>
  <testcase classname="tests.AddUserTest" name="verifyAddUser" time="8.946"/>
  <testcase classname="tests.AddUserTest" name="verifyAddUser" time="9.184"/>
  <testcase classname="tests.AddUserTest" name="verifyAddUser" time="9.271"/>
  <testcase classname="tests.AddUserTest" name="verifyAddUser" time="9.125"/>
  <testcase classname="tests.AddUserTest" name="verifyAddUser" time="15.805"/>
  <testcase classname="tests.AddUserTest" name="verifyAddUser" time="9.153"/>
</testsuite> <!-- tests.AddUserTest -->
