<?xml version="1.0" encoding="UTF-8"?>
<!-- Generated by org.testng.reporters.JUnitReportReporter -->
<testsuite hostname="Surajs_Omen" failures="0" tests="18" name="tests.UselinkTest" time="161.545" errors="0" timestamp="2026-01-09T18:30:43 IST" skipped="0">
  <testcase classname="tests.UselinkTest" name="verifyUsefulLinksPage" time="9.948"/>
  <testcase classname="tests.UselinkTest" name="verifyUsefulLinksPage" time="9.975"/>
  <testcase classname="tests.UselinkTest" name="verifyUsefulLinksPage" time="7.143"/>
  <testcase classname="tests.UselinkTest" name="verifyUsefulLinksPage" time="10.166"/>
  <testcase classname="tests.UselinkTest" name="verifyUsefulLinksPage" time="11.221"/>
  <testcase classname="tests.UselinkTest" name="verifyUsefulLinksPage" time="12.227"/>
  <testcase classname="tests.UselinkTest" name="verifyUsefulLinksPage" time="9.950"/>
  <testcase classname="tests.UselinkTest" name="verifyUsefulLinksPage" time="7.669"/>
  <testcase classname="tests.UselinkTest" name="verifyUsefulLinksPage" time="10.858"/>
  <testcase classname="tests.UselinkTest" name="verifyUsefulLinksPage" time="7.716"/>
  <testcase classname="tests.UselinkTest" name="verifyUsefulLinksPage" time="7.358"/>
  <testcase classname="tests.UselinkTest" name="verifyUsefulLinksPage" time="9.148"/>
  <testcase classname="tests.UselinkTest" name="verifyUsefulLinksPage" time="5.839"/>
  <testcase classname="tests.UselinkTest" name="verifyUsefulLinksPage" time="8.241"/>
  <testcase classname="tests.UselinkTest" name="verifyUsefulLinksPage" time="6.756"/>
  <testcase classname="tests.UselinkTest" name="verifyUsefulLinksPage" time="7.795"/>
  <testcase classname="tests.UselinkTest" name="verifyUsefulLinksPage" time="10.049"/>
  <testcase classname="tests.UselinkTest" name="verifyUsefulLinksPage" time="9.486"/>
</testsuite> <!-- tests.UselinkTest -->
