<?xml version="1.0" encoding="UTF-8"?>
<!-- Generated by org.testng.reporters.JUnitReportReporter -->
<testsuite hostname="Surajs_Omen" failures="0" tests="7" name="tests.ut" time="56.440" errors="0" timestamp="2026-01-06T15:08:36 IST" skipped="0">
  <testcase classname="tests.ut" name="verifyAddUser" time="7.062"/>
  <testcase classname="tests.ut" name="verifyAddUser" time="10.951"/>
  <testcase classname="tests.ut" name="verifyAddUser" time="7.360"/>
  <testcase classname="tests.ut" name="verifyAddUser" time="7.226"/>
  <testcase classname="tests.ut" name="verifyAddUser" time="7.316"/>
  <testcase classname="tests.ut" name="verifyAddUser" time="7.265"/>
  <testcase classname="tests.ut" name="verifyAddUser" time="9.260"/>
</testsuite> <!-- tests.ut -->
